Using pre-set license
Built from '2020.3/release' branch; Version is '2020.3.12f1 (b3b2c6512326) revision 11776710'; Using compiler version '192528614'; Build Type 'Release'
OS: 'Windows 10 Pro; OS build 19044.1645; Version 2009; 64bit' Language: 'es' Physical Memory: 32694 MB
BatchMode: 1, IsHumanControllingUs: 0, StartBugReporterOnCrash: 0, Is64bit: 1, IsPro: 0

 COMMAND LINE ARGUMENTS:
C:\Program Files\Unity\Editor\Unity.exe
-adb2
-batchMode
-noUpm
-name
AssetImportWorker0
-projectPath
D:/Proyectos Unity/ProyectoMultijugadorOnline
-logFile
Logs/AssetImportWorker0.log
-srvPort
52851
Successfully changed project path to: D:/Proyectos Unity/ProyectoMultijugadorOnline
D:/Proyectos Unity/ProyectoMultijugadorOnline
Using Asset Import Pipeline V2.
Refreshing native plugins compatible for Editor in 23.07 ms, found 2 plugins.
Preloading 0 native plugins for Editor in 0.00 ms.
Initialize engine version: 2020.3.12f1 (b3b2c6512326)
[Subsystems] Discovering subsystems at path C:/Program Files/Unity/Editor/Data/Resources/UnitySubsystems
[Subsystems] Discovering subsystems at path D:/Proyectos Unity/ProyectoMultijugadorOnline/Assets
GfxDevice: creating device client; threaded=0
Direct3D:
    Version:  Direct3D 11.0 [level 11.1]
    Renderer: AMD Radeon RX 5700 XT (ID=0x731f)
    Vendor:   
    VRAM:     8151 MB
    Driver:   30.0.13023.4001
Initialize mono
Mono path[0] = 'C:/Program Files/Unity/Editor/Data/Managed'
Mono path[1] = 'C:/Program Files/Unity/Editor/Data/MonoBleedingEdge/lib/mono/unityjit'
Mono config path = 'C:/Program Files/Unity/Editor/Data/MonoBleedingEdge/etc'
Using monoOptions --debugger-agent=transport=dt_socket,embedding=1,server=y,suspend=n,address=127.0.0.1:56412
Begin MonoManager ReloadAssembly
Registering precompiled unity dll's ...
Register platform support module: C:/Program Files/Unity/Editor/Data/PlaybackEngines/WindowsStandaloneSupport/UnityEditor.WindowsStandalone.Extensions.dll
Registered in 0.001808 seconds.
Native extension for WindowsStandalone target not found
Refreshing native plugins compatible for Editor in 27.93 ms, found 2 plugins.
Preloading 0 native plugins for Editor in 0.00 ms.
Mono: successfully reloaded assembly
- Completed reload, in  0.819 seconds
Platform modules already initialized, skipping
Registering precompiled user dll's ...
Registered in 0.002963 seconds.
Begin MonoManager ReloadAssembly
Native extension for WindowsStandalone target not found
Refreshing native plugins compatible for Editor in 0.29 ms, found 2 plugins.
Preloading 0 native plugins for Editor in 0.00 ms.
Mono: successfully reloaded assembly
- Completed reload, in  0.778 seconds
Platform modules already initialized, skipping
========================================================================
Worker process is ready to serve import requests
Launched and connected shader compiler UnityShaderCompiler.exe after 0.03 seconds
Refreshing native plugins compatible for Editor in 0.28 ms, found 2 plugins.
Preloading 0 native plugins for Editor in 0.00 ms.
Unloading 1386 Unused Serialized files (Serialized files now loaded: 0)
System memory in use before: 64.7 MB.
System memory in use after: 64.7 MB.

Unloading 19 unused Assets to reduce memory usage. Loaded Objects now: 1819.
Total: 1.558800 ms (FindLiveObjects: 0.123100 ms CreateObjectMapping: 0.027400 ms MarkObjects: 1.343400 ms  DeleteObjects: 0.063800 ms)

AssetImportParameters requested are different than current active one (requested -> active):
  custom:framework-win-MediaFoundation: 216162199b28c13a410421893ffa2e32 -> 
  custom:video-decoder-ogg-theora: a1e56fd34408186e4bbccfd4996cb3dc -> 
  custom:container-muxer-webm: aa71ff27fc2769a1b78a27578f13a17b -> 
  custom:container-demuxer-webm: 4f35f7cbe854078d1ac9338744f61a02 -> 
  custom:container-demuxer-ogg: 62fdf1f143b41e24485cea50d1cbac27 -> 
  custom:video-encoder-webm-vp8: eb34c28f22e8b96e1ab97ce403110664 -> 
  custom:video-decoder-webm-vp8: 9c59270c3fd7afecdb556c50c9e8de78 -> 
  custom:audio-decoder-ogg-vorbis: bf7c407c2cedff20999df2af8eb42d56 -> 
  custom:audio-encoder-webm-vorbis: bf7c407c2cedff20999df2af8eb42d56 -> 
========================================================================
Received Import Request.
  path: Assets
  artifactKey: Guid(00000000000000001000000000000000) Importer(815301076,1909f56bfc062723c751e8b465ee728b)
Start importing Assets using Guid(00000000000000001000000000000000) Importer(815301076,1909f56bfc062723c751e8b465ee728b)  -> (artifact id: '42d402b061de3733987d63b9cc3b64de') in 0.006242 seconds 
  Import took 0.007998 seconds .

========================================================================
Received Import Request.
  Time since last request: 1.637472 seconds.
  path: Assets/Scripts
  artifactKey: Guid(06bde35777207f44aa3f125e66dfdfde) Importer(815301076,1909f56bfc062723c751e8b465ee728b)
Start importing Assets/Scripts using Guid(06bde35777207f44aa3f125e66dfdfde) Importer(815301076,1909f56bfc062723c751e8b465ee728b)  -> (artifact id: '2f2dce0a9ecdef40c3e216437d4a42b1') in 0.004795 seconds 
  Import took 0.006783 seconds .

========================================================================
Received Import Request.
  Time since last request: 38.103779 seconds.
  path: Assets/Prefabs
  artifactKey: Guid(47d59af3350beed489560a116f584e0c) Importer(815301076,1909f56bfc062723c751e8b465ee728b)
Start importing Assets/Prefabs using Guid(47d59af3350beed489560a116f584e0c) Importer(815301076,1909f56bfc062723c751e8b465ee728b)  -> (artifact id: '92f8e0df72911f623e7ae8aa80641c27') in 0.004738 seconds 
  Import took 0.006689 seconds .

========================================================================
Received Import Request.
  Time since last request: 6.488135 seconds.
  path: Assets/Materiales
  artifactKey: Guid(c2eb2f75c828844499422b4541886a47) Importer(815301076,1909f56bfc062723c751e8b465ee728b)
Start importing Assets/Materiales using Guid(c2eb2f75c828844499422b4541886a47) Importer(815301076,1909f56bfc062723c751e8b465ee728b)  -> (artifact id: 'f97541659b3e05117947be2848494332') in 0.005587 seconds 
  Import took 0.007638 seconds .

========================================================================
Received Import Request.
  Time since last request: 7.958123 seconds.
  path: Assets/Prefabs/NavePlayer1.obj
  artifactKey: Guid(450d5b03e2e6289418d37b65b7fdabdb) Importer(815301076,1909f56bfc062723c751e8b465ee728b)
Start importing Assets/Prefabs/NavePlayer1.obj using Guid(450d5b03e2e6289418d37b65b7fdabdb) Importer(815301076,1909f56bfc062723c751e8b465ee728b)  -> (artifact id: 'd28bec88cb2c1e5feb51a70c31aefd5b') in 0.166146 seconds 
  Import took 0.168404 seconds .

========================================================================
Received Import Request.
  Time since last request: 25.062170 seconds.
  path: Assets/Prefabs/NavePlayer1.obj
  artifactKey: Guid(450d5b03e2e6289418d37b65b7fdabdb) Importer(815301076,1909f56bfc062723c751e8b465ee728b)
Start importing Assets/Prefabs/NavePlayer1.obj using Guid(450d5b03e2e6289418d37b65b7fdabdb) Importer(815301076,1909f56bfc062723c751e8b465ee728b)  -> (artifact id: 'b76b6ffdd0d4e0d7511d1c173937803f') in 0.031141 seconds 
  Import took 0.033313 seconds .

========================================================================
Received Import Request.
  Time since last request: 0.000176 seconds.
  path: Assets/Prefabs/Cube_Cube.001_Material.003Mat.mat
  artifactKey: Guid(56ec417482202ad4c8539cb62c4973a3) Importer(815301076,1909f56bfc062723c751e8b465ee728b)
Start importing Assets/Prefabs/Cube_Cube.001_Material.003Mat.mat using Guid(56ec417482202ad4c8539cb62c4973a3) Importer(815301076,1909f56bfc062723c751e8b465ee728b)  -> (artifact id: '232cb4742331906b14e9b84b3ab59b17') in 0.012458 seconds 
  Import took 0.014582 seconds .

========================================================================
Received Import Request.
  Time since last request: 0.000152 seconds.
  path: Assets/Prefabs/Cube_Cube.001_Material.001Mat.mat
  artifactKey: Guid(6adc9bee688a8be43a098b740cbf62d7) Importer(815301076,1909f56bfc062723c751e8b465ee728b)
Start importing Assets/Prefabs/Cube_Cube.001_Material.001Mat.mat using Guid(6adc9bee688a8be43a098b740cbf62d7) Importer(815301076,1909f56bfc062723c751e8b465ee728b)  -> (artifact id: 'b2f6a8ca3ec306f7f2ba3e693fe3cedc') in 0.008225 seconds 
  Import took 0.010029 seconds .

========================================================================
Received Import Request.
  Time since last request: 0.000155 seconds.
  path: Assets/Prefabs/Cube_Cube.001_BlackMat.mat
  artifactKey: Guid(8199dda5ddb6b6f438155cd8cc45e8b8) Importer(815301076,1909f56bfc062723c751e8b465ee728b)
Start importing Assets/Prefabs/Cube_Cube.001_BlackMat.mat using Guid(8199dda5ddb6b6f438155cd8cc45e8b8) Importer(815301076,1909f56bfc062723c751e8b465ee728b)  -> (artifact id: '6ebc746454429a9b396336ffa45dced4') in 0.007833 seconds 
  Import took 0.009664 seconds .

========================================================================
Received Import Request.
  Time since last request: 0.000208 seconds.
  path: Assets/Prefabs/Cube_Cube.001_Material.002Mat.mat
  artifactKey: Guid(62117de3fa939de4a955bcf43980bc12) Importer(815301076,1909f56bfc062723c751e8b465ee728b)
Start importing Assets/Prefabs/Cube_Cube.001_Material.002Mat.mat using Guid(62117de3fa939de4a955bcf43980bc12) Importer(815301076,1909f56bfc062723c751e8b465ee728b)  -> (artifact id: '2929daca8ec165ecd031023487dead89') in 0.007692 seconds 
  Import took 0.009510 seconds .

========================================================================
Received Import Request.
  Time since last request: 0.000134 seconds.
  path: Assets/Prefabs/Cube_Cube.001_RedMat.mat
  artifactKey: Guid(16f2550749d6b424693ef60adf4c667c) Importer(815301076,1909f56bfc062723c751e8b465ee728b)
Start importing Assets/Prefabs/Cube_Cube.001_RedMat.mat using Guid(16f2550749d6b424693ef60adf4c667c) Importer(815301076,1909f56bfc062723c751e8b465ee728b)  -> (artifact id: '548bb65a334061f90a5dea90cdabacee') in 0.007650 seconds 
  Import took 0.009416 seconds .

========================================================================
Received Import Request.
  Time since last request: 0.001340 seconds.
  path: Assets/Prefabs/Cube_Cube.001_RedMat.mat
  artifactKey: Guid(16f2550749d6b424693ef60adf4c667c) Importer(815301076,1909f56bfc062723c751e8b465ee728b)
Start importing Assets/Prefabs/Cube_Cube.001_RedMat.mat using Guid(16f2550749d6b424693ef60adf4c667c) Importer(815301076,1909f56bfc062723c751e8b465ee728b)  -> (artifact id: '548bb65a334061f90a5dea90cdabacee') in 0.005945 seconds 
  Import took 0.008000 seconds .

========================================================================
Received Import Request.
  Time since last request: 106.936397 seconds.
  path: Assets/Prefabs/NavePlayer1.obj
  artifactKey: Guid(450d5b03e2e6289418d37b65b7fdabdb) Importer(815301076,1909f56bfc062723c751e8b465ee728b)
Start importing Assets/Prefabs/NavePlayer1.obj using Guid(450d5b03e2e6289418d37b65b7fdabdb) Importer(815301076,1909f56bfc062723c751e8b465ee728b)  -> (artifact id: '81ad0f139b00f67acac712a1d1949292') in 0.039307 seconds 
  Import took 0.041525 seconds .

========================================================================
Received Import Request.
  Time since last request: 37.489051 seconds.
  path: Assets/Prefabs/NavePlayer1.obj
  artifactKey: Guid(450d5b03e2e6289418d37b65b7fdabdb) Importer(815301076,1909f56bfc062723c751e8b465ee728b)
Start importing Assets/Prefabs/NavePlayer1.obj using Guid(450d5b03e2e6289418d37b65b7fdabdb) Importer(815301076,1909f56bfc062723c751e8b465ee728b)  -> (artifact id: 'ecd01bb9e4be26dd9b386dfbbbb3535e') in 0.032878 seconds 
  Import took 0.035144 seconds .

========================================================================
Received Import Request.
  Time since last request: 123.773777 seconds.
  path: Assets/Prefabs/Cube_Cube.001_BlackMat.mat
  artifactKey: Guid(8199dda5ddb6b6f438155cd8cc45e8b8) Importer(815301076,1909f56bfc062723c751e8b465ee728b)
Start importing Assets/Prefabs/Cube_Cube.001_BlackMat.mat using Guid(8199dda5ddb6b6f438155cd8cc45e8b8) Importer(815301076,1909f56bfc062723c751e8b465ee728b)  -> (artifact id: 'e322fa06c1a7c1b640f3bfd7191e57a5') in 0.008480 seconds 
  Import took 0.010705 seconds .

========================================================================
Received Import Request.
  Time since last request: 0.000193 seconds.
  path: Assets/Prefabs/Cube_Cube.001_Material.003Mat.mat
  artifactKey: Guid(56ec417482202ad4c8539cb62c4973a3) Importer(815301076,1909f56bfc062723c751e8b465ee728b)
Start importing Assets/Prefabs/Cube_Cube.001_Material.003Mat.mat using Guid(56ec417482202ad4c8539cb62c4973a3) Importer(815301076,1909f56bfc062723c751e8b465ee728b)  -> (artifact id: 'd8bf9b5a0d186142084f83e875573d54') in 0.008390 seconds 
  Import took 0.010526 seconds .

========================================================================
Received Import Request.
  Time since last request: 0.000179 seconds.
  path: Assets/Prefabs/Cube_Cube.001_Material.001Mat.mat
  artifactKey: Guid(6adc9bee688a8be43a098b740cbf62d7) Importer(815301076,1909f56bfc062723c751e8b465ee728b)
Start importing Assets/Prefabs/Cube_Cube.001_Material.001Mat.mat using Guid(6adc9bee688a8be43a098b740cbf62d7) Importer(815301076,1909f56bfc062723c751e8b465ee728b)  -> (artifact id: '22ccf92a98b7ce9328a6d6db141e8a95') in 0.009532 seconds 
  Import took 0.011694 seconds .

========================================================================
Received Import Request.
  Time since last request: 0.000147 seconds.
  path: Assets/Prefabs/Cube_Cube.001_Material.002Mat.mat
  artifactKey: Guid(62117de3fa939de4a955bcf43980bc12) Importer(815301076,1909f56bfc062723c751e8b465ee728b)
Start importing Assets/Prefabs/Cube_Cube.001_Material.002Mat.mat using Guid(62117de3fa939de4a955bcf43980bc12) Importer(815301076,1909f56bfc062723c751e8b465ee728b)  -> (artifact id: '5a624af3db805895f45ec68c531055ce') in 0.008050 seconds 
  Import took 0.009845 seconds .

========================================================================
Received Import Request.
  Time since last request: 0.000158 seconds.
  path: Assets/Prefabs/Cube_Cube.001_RedMat.mat
  artifactKey: Guid(16f2550749d6b424693ef60adf4c667c) Importer(815301076,1909f56bfc062723c751e8b465ee728b)
Start importing Assets/Prefabs/Cube_Cube.001_RedMat.mat using Guid(16f2550749d6b424693ef60adf4c667c) Importer(815301076,1909f56bfc062723c751e8b465ee728b)  -> (artifact id: 'b8671932298e89142f50cc1140a51c66') in 0.008615 seconds 
  Import took 0.010457 seconds .

========================================================================
Received Import Request.
  Time since last request: 473.293168 seconds.
  path: Assets/Materiales/New Material.mat
  artifactKey: Guid(20bcebf9b917b4e48b3a6abf801ca59a) Importer(815301076,1909f56bfc062723c751e8b465ee728b)
Start importing Assets/Materiales/New Material.mat using Guid(20bcebf9b917b4e48b3a6abf801ca59a) Importer(815301076,1909f56bfc062723c751e8b465ee728b)  -> (artifact id: '416b61f0e0ec187d14f3dca0c141381b') in 0.009755 seconds 
  Import took 0.012156 seconds .

========================================================================
Received Import Request.
  Time since last request: 11.488375 seconds.
  path: Assets/Materiales/New Material.mat
  artifactKey: Guid(20bcebf9b917b4e48b3a6abf801ca59a) Importer(815301076,1909f56bfc062723c751e8b465ee728b)
Start importing Assets/Materiales/New Material.mat using Guid(20bcebf9b917b4e48b3a6abf801ca59a) Importer(815301076,1909f56bfc062723c751e8b465ee728b)  -> (artifact id: '1b19a33fac186c421129ecf9fea66514') in 0.007705 seconds 
  Import took 0.009815 seconds .

========================================================================
Received Import Request.
  Time since last request: 12.181553 seconds.
  path: Assets/Scripts/Player1Movement.cs
  artifactKey: Guid(eb8fd8dd17e28c142bd17491e39a6b0c) Importer(815301076,1909f56bfc062723c751e8b465ee728b)
Start importing Assets/Scripts/Player1Movement.cs using Guid(eb8fd8dd17e28c142bd17491e39a6b0c) Importer(815301076,1909f56bfc062723c751e8b465ee728b)  -> (artifact id: 'd1a641b045cf9c1941d2757a5e5369ff') in 0.007630 seconds 
  Import took 0.009751 seconds .

========================================================================
Received Prepare
Registering precompiled user dll's ...
Registered in 0.002793 seconds.
Begin MonoManager ReloadAssembly
Native extension for WindowsStandalone target not found
Refreshing native plugins compatible for Editor in 0.29 ms, found 2 plugins.
Preloading 0 native plugins for Editor in 0.00 ms.
Mono: successfully reloaded assembly
- Completed reload, in  0.711 seconds
Platform modules already initialized, skipping
Refreshing native plugins compatible for Editor in 0.29 ms, found 2 plugins.
Preloading 0 native plugins for Editor in 0.00 ms.
Unloading 1382 Unused Serialized files (Serialized files now loaded: 0)
System memory in use before: 68.1 MB.
System memory in use after: 68.2 MB.

Unloading 14 unused Assets to reduce memory usage. Loaded Objects now: 1866.
Total: 1.517800 ms (FindLiveObjects: 0.121200 ms CreateObjectMapping: 0.027100 ms MarkObjects: 1.321900 ms  DeleteObjects: 0.046900 ms)

AssetImportParameters requested are different than current active one (requested -> active):
  custom:framework-win-MediaFoundation: 216162199b28c13a410421893ffa2e32 -> 
  custom:video-decoder-ogg-theora: a1e56fd34408186e4bbccfd4996cb3dc -> 
  custom:container-muxer-webm: aa71ff27fc2769a1b78a27578f13a17b -> 
  custom:container-demuxer-webm: 4f35f7cbe854078d1ac9338744f61a02 -> 
  custom:container-demuxer-ogg: 62fdf1f143b41e24485cea50d1cbac27 -> 
  custom:video-encoder-webm-vp8: eb34c28f22e8b96e1ab97ce403110664 -> 
  custom:video-decoder-webm-vp8: 9c59270c3fd7afecdb556c50c9e8de78 -> 
  custom:audio-decoder-ogg-vorbis: bf7c407c2cedff20999df2af8eb42d56 -> 
  custom:audio-encoder-webm-vorbis: bf7c407c2cedff20999df2af8eb42d56 -> 
========================================================================
Received Import Request.
  Time since last request: 10.589618 seconds.
  path: Assets/Scripts/Player2Movement.cs
  artifactKey: Guid(7bf541f5da79fbd489934a2ec2dd4e19) Importer(815301076,1909f56bfc062723c751e8b465ee728b)
Start importing Assets/Scripts/Player2Movement.cs using Guid(7bf541f5da79fbd489934a2ec2dd4e19) Importer(815301076,1909f56bfc062723c751e8b465ee728b)  -> (artifact id: 'aff85605f55d33de4d17b943509e5399') in 0.006127 seconds 
  Import took 0.008198 seconds .

========================================================================
Received Prepare
Registering precompiled user dll's ...
Registered in 0.002782 seconds.
Begin MonoManager ReloadAssembly
Native extension for WindowsStandalone target not found
Refreshing native plugins compatible for Editor in 0.29 ms, found 2 plugins.
Preloading 0 native plugins for Editor in 0.00 ms.
Mono: successfully reloaded assembly
- Completed reload, in  0.704 seconds
Platform modules already initialized, skipping
Refreshing native plugins compatible for Editor in 0.29 ms, found 2 plugins.
Preloading 0 native plugins for Editor in 0.00 ms.
Unloading 1383 Unused Serialized files (Serialized files now loaded: 0)
System memory in use before: 68.2 MB.
System memory in use after: 68.3 MB.

Unloading 14 unused Assets to reduce memory usage. Loaded Objects now: 1870.
Total: 1.567400 ms (FindLiveObjects: 0.126900 ms CreateObjectMapping: 0.029000 ms MarkObjects: 1.365800 ms  DeleteObjects: 0.044700 ms)

AssetImportParameters requested are different than current active one (requested -> active):
  custom:framework-win-MediaFoundation: 216162199b28c13a410421893ffa2e32 -> 
  custom:video-decoder-ogg-theora: a1e56fd34408186e4bbccfd4996cb3dc -> 
  custom:container-muxer-webm: aa71ff27fc2769a1b78a27578f13a17b -> 
  custom:container-demuxer-webm: 4f35f7cbe854078d1ac9338744f61a02 -> 
  custom:container-demuxer-ogg: 62fdf1f143b41e24485cea50d1cbac27 -> 
  custom:video-encoder-webm-vp8: eb34c28f22e8b96e1ab97ce403110664 -> 
  custom:video-decoder-webm-vp8: 9c59270c3fd7afecdb556c50c9e8de78 -> 
  custom:audio-decoder-ogg-vorbis: bf7c407c2cedff20999df2af8eb42d56 -> 
  custom:audio-encoder-webm-vorbis: bf7c407c2cedff20999df2af8eb42d56 -> 
========================================================================
Received Import Request.
  Time since last request: 11.233885 seconds.
  path: Assets/Scripts/ShotingLaser.cs
  artifactKey: Guid(70f33120355d42b4fb5030ba266ee11b) Importer(815301076,1909f56bfc062723c751e8b465ee728b)
Start importing Assets/Scripts/ShotingLaser.cs using Guid(70f33120355d42b4fb5030ba266ee11b) Importer(815301076,1909f56bfc062723c751e8b465ee728b)  -> (artifact id: '5c8cd38d06c207e238ca40638f525e7b') in 0.006508 seconds 
  Import took 0.008562 seconds .

========================================================================
Received Prepare
Registering precompiled user dll's ...
Registered in 0.002791 seconds.
Begin MonoManager ReloadAssembly
Native extension for WindowsStandalone target not found
Refreshing native plugins compatible for Editor in 0.30 ms, found 2 plugins.
Preloading 0 native plugins for Editor in 0.00 ms.
Mono: successfully reloaded assembly
- Completed reload, in  0.707 seconds
Platform modules already initialized, skipping
Refreshing native plugins compatible for Editor in 0.29 ms, found 2 plugins.
Preloading 0 native plugins for Editor in 0.00 ms.
Unloading 1384 Unused Serialized files (Serialized files now loaded: 0)
System memory in use before: 68.2 MB.
System memory in use after: 68.3 MB.

Unloading 14 unused Assets to reduce memory usage. Loaded Objects now: 1874.
Total: 1.543100 ms (FindLiveObjects: 0.134200 ms CreateObjectMapping: 0.026600 ms MarkObjects: 1.337700 ms  DeleteObjects: 0.043800 ms)

AssetImportParameters requested are different than current active one (requested -> active):
  custom:framework-win-MediaFoundation: 216162199b28c13a410421893ffa2e32 -> 
  custom:video-decoder-ogg-theora: a1e56fd34408186e4bbccfd4996cb3dc -> 
  custom:container-muxer-webm: aa71ff27fc2769a1b78a27578f13a17b -> 
  custom:container-demuxer-webm: 4f35f7cbe854078d1ac9338744f61a02 -> 
  custom:container-demuxer-ogg: 62fdf1f143b41e24485cea50d1cbac27 -> 
  custom:video-encoder-webm-vp8: eb34c28f22e8b96e1ab97ce403110664 -> 
  custom:video-decoder-webm-vp8: 9c59270c3fd7afecdb556c50c9e8de78 -> 
  custom:audio-decoder-ogg-vorbis: bf7c407c2cedff20999df2af8eb42d56 -> 
  custom:audio-encoder-webm-vorbis: bf7c407c2cedff20999df2af8eb42d56 -> 
========================================================================
Received Import Request.
  Time since last request: 8.091187 seconds.
  path: Assets/Scripts/LaserMovement.cs
  artifactKey: Guid(90c523d532923b643bb3fb889b662c56) Importer(815301076,1909f56bfc062723c751e8b465ee728b)
Start importing Assets/Scripts/LaserMovement.cs using Guid(90c523d532923b643bb3fb889b662c56) Importer(815301076,1909f56bfc062723c751e8b465ee728b)  -> (artifact id: 'b2100d01f2a30d018da4e2cb15fcd6f4') in 0.006880 seconds 
  Import took 0.008915 seconds .

========================================================================
Received Prepare
Registering precompiled user dll's ...
Registered in 0.002745 seconds.
Begin MonoManager ReloadAssembly
Native extension for WindowsStandalone target not found
Refreshing native plugins compatible for Editor in 0.30 ms, found 2 plugins.
Preloading 0 native plugins for Editor in 0.00 ms.
Mono: successfully reloaded assembly
- Completed reload, in  0.718 seconds
Platform modules already initialized, skipping
Refreshing native plugins compatible for Editor in 0.28 ms, found 2 plugins.
Preloading 0 native plugins for Editor in 0.00 ms.
Unloading 1385 Unused Serialized files (Serialized files now loaded: 0)
System memory in use before: 68.3 MB.
System memory in use after: 68.3 MB.

Unloading 14 unused Assets to reduce memory usage. Loaded Objects now: 1878.
Total: 1.516400 ms (FindLiveObjects: 0.132600 ms CreateObjectMapping: 0.028800 ms MarkObjects: 1.311400 ms  DeleteObjects: 0.042800 ms)

AssetImportParameters requested are different than current active one (requested -> active):
  custom:framework-win-MediaFoundation: 216162199b28c13a410421893ffa2e32 -> 
  custom:video-decoder-ogg-theora: a1e56fd34408186e4bbccfd4996cb3dc -> 
  custom:container-muxer-webm: aa71ff27fc2769a1b78a27578f13a17b -> 
  custom:container-demuxer-webm: 4f35f7cbe854078d1ac9338744f61a02 -> 
  custom:container-demuxer-ogg: 62fdf1f143b41e24485cea50d1cbac27 -> 
  custom:video-encoder-webm-vp8: eb34c28f22e8b96e1ab97ce403110664 -> 
  custom:video-decoder-webm-vp8: 9c59270c3fd7afecdb556c50c9e8de78 -> 
  custom:audio-decoder-ogg-vorbis: bf7c407c2cedff20999df2af8eb42d56 -> 
  custom:audio-encoder-webm-vorbis: bf7c407c2cedff20999df2af8eb42d56 -> 
========================================================================
Received Import Request.
  Time since last request: 201.115820 seconds.
  path: Assets/Prefabs/NavePlayer1.fbx
  artifactKey: Guid(f5eabf004aff60c4880b14ac39d58c27) Importer(815301076,1909f56bfc062723c751e8b465ee728b)
Start importing Assets/Prefabs/NavePlayer1.fbx using Guid(f5eabf004aff60c4880b14ac39d58c27) Importer(815301076,1909f56bfc062723c751e8b465ee728b)  -> (artifact id: 'ced0b64ddabb7e6e5229fbb847939f1f') in 0.072198 seconds 
  Import took 0.074515 seconds .

========================================================================
Received Import Request.
  Time since last request: 34.337793 seconds.
  path: Assets/Prefabs/NavePlayer1.fbx
  artifactKey: Guid(f5eabf004aff60c4880b14ac39d58c27) Importer(815301076,1909f56bfc062723c751e8b465ee728b)
Start importing Assets/Prefabs/NavePlayer1.fbx using Guid(f5eabf004aff60c4880b14ac39d58c27) Importer(815301076,1909f56bfc062723c751e8b465ee728b)  -> (artifact id: '4ad7cb3e9778488fe504a908150091d0') in 0.021046 seconds 
  Import took 0.023166 seconds .

========================================================================
Received Import Request.
  Time since last request: 28.786568 seconds.
  path: Assets/Prefabs/NavePlayer1.fbx
  artifactKey: Guid(f5eabf004aff60c4880b14ac39d58c27) Importer(815301076,1909f56bfc062723c751e8b465ee728b)
Start importing Assets/Prefabs/NavePlayer1.fbx using Guid(f5eabf004aff60c4880b14ac39d58c27) Importer(815301076,1909f56bfc062723c751e8b465ee728b)  -> (artifact id: 'c17edea25477d68fbcfeee6a664286ea') in 0.011469 seconds 
  Import took 0.013695 seconds .

========================================================================
Received Import Request.
  Time since last request: 0.000155 seconds.
  path: Assets/Prefabs/Black.mat
  artifactKey: Guid(bc82fa98dccd75b488c3423aa4928076) Importer(815301076,1909f56bfc062723c751e8b465ee728b)
Start importing Assets/Prefabs/Black.mat using Guid(bc82fa98dccd75b488c3423aa4928076) Importer(815301076,1909f56bfc062723c751e8b465ee728b)  -> (artifact id: '183fb34ee21f5d831dcc0d1fe394462a') in 0.009201 seconds 
  Import took 0.011357 seconds .

========================================================================
Received Import Request.
  Time since last request: 0.000195 seconds.
  path: Assets/Prefabs/Material.002.mat
  artifactKey: Guid(507f0183481a7924da9504d05e853542) Importer(815301076,1909f56bfc062723c751e8b465ee728b)
Start importing Assets/Prefabs/Material.002.mat using Guid(507f0183481a7924da9504d05e853542) Importer(815301076,1909f56bfc062723c751e8b465ee728b)  -> (artifact id: '33c9813df6b941786b9c62bcf06039de') in 0.008798 seconds 
  Import took 0.010951 seconds .

========================================================================
Received Import Request.
  Time since last request: 0.000206 seconds.
  path: Assets/Prefabs/Material.001.mat
  artifactKey: Guid(7dab4a2706d237547a7b40d4e0c32d3d) Importer(815301076,1909f56bfc062723c751e8b465ee728b)
Start importing Assets/Prefabs/Material.001.mat using Guid(7dab4a2706d237547a7b40d4e0c32d3d) Importer(815301076,1909f56bfc062723c751e8b465ee728b)  -> (artifact id: '9968956e616e7689f6cc8cb4858593ce') in 0.007906 seconds 
  Import took 0.009741 seconds .

========================================================================
Received Import Request.
  Time since last request: 0.000141 seconds.
  path: Assets/Prefabs/Red.mat
  artifactKey: Guid(2fef76fb9c03ba9498b713e77cedb101) Importer(815301076,1909f56bfc062723c751e8b465ee728b)
Start importing Assets/Prefabs/Red.mat using Guid(2fef76fb9c03ba9498b713e77cedb101) Importer(815301076,1909f56bfc062723c751e8b465ee728b)  -> (artifact id: 'fbeabdf8622d744d950444f6a8469ec9') in 0.008023 seconds 
  Import took 0.009839 seconds .

========================================================================
Received Import Request.
  Time since last request: 0.000172 seconds.
  path: Assets/Prefabs/Material.002.mat
  artifactKey: Guid(507f0183481a7924da9504d05e853542) Importer(815301076,1909f56bfc062723c751e8b465ee728b)
Start importing Assets/Prefabs/Material.002.mat using Guid(507f0183481a7924da9504d05e853542) Importer(815301076,1909f56bfc062723c751e8b465ee728b)  -> (artifact id: '33c9813df6b941786b9c62bcf06039de') in 0.007397 seconds 
  Import took 0.009277 seconds .

========================================================================
Received Import Request.
  Time since last request: 0.000149 seconds.
  path: Assets/Prefabs/Material.003.mat
  artifactKey: Guid(1a87529d63d079e46b30d1fb1bb5be08) Importer(815301076,1909f56bfc062723c751e8b465ee728b)
Start importing Assets/Prefabs/Material.003.mat using Guid(1a87529d63d079e46b30d1fb1bb5be08) Importer(815301076,1909f56bfc062723c751e8b465ee728b)  -> (artifact id: '11fab8df2c120a9be99326a150e632b5') in 0.008619 seconds 
  Import took 0.010463 seconds .

========================================================================
Received Import Request.
  Time since last request: 164.830234 seconds.
  path: Assets/Prefabs/NavePlayer1.fbx
  artifactKey: Guid(f5eabf004aff60c4880b14ac39d58c27) Importer(815301076,1909f56bfc062723c751e8b465ee728b)
Start importing Assets/Prefabs/NavePlayer1.fbx using Guid(f5eabf004aff60c4880b14ac39d58c27) Importer(815301076,1909f56bfc062723c751e8b465ee728b)  -> (artifact id: '5011b4940dea42a4c6640478c1314bbb') in 0.008802 seconds 
  Import took 0.011244 seconds .

========================================================================
Received Import Request.
  Time since last request: 0.000520 seconds.
  path: Assets/Prefabs/NavePlayer1.fbx
  artifactKey: Guid(f5eabf004aff60c4880b14ac39d58c27) Importer(815301076,1909f56bfc062723c751e8b465ee728b)
Start importing Assets/Prefabs/NavePlayer1.fbx using Guid(f5eabf004aff60c4880b14ac39d58c27) Importer(815301076,1909f56bfc062723c751e8b465ee728b)  -> (artifact id: '5011b4940dea42a4c6640478c1314bbb') in 0.008258 seconds 
  Import took 0.010101 seconds .

========================================================================
Received Import Request.
  Time since last request: 5.600015 seconds.
  path: Assets/Prefabs/NavePlayer1.fbx
  artifactKey: Guid(f5eabf004aff60c4880b14ac39d58c27) Importer(815301076,1909f56bfc062723c751e8b465ee728b)
Start importing Assets/Prefabs/NavePlayer1.fbx using Guid(f5eabf004aff60c4880b14ac39d58c27) Importer(815301076,1909f56bfc062723c751e8b465ee728b)  -> (artifact id: '8349e55b439743860037be5ecffbcac8') in 0.010912 seconds 
  Import took 0.012984 seconds .

========================================================================
Received Prepare
Registering precompiled user dll's ...
Registered in 0.002756 seconds.
Begin MonoManager ReloadAssembly
Native extension for WindowsStandalone target not found
Refreshing native plugins compatible for Editor in 0.29 ms, found 2 plugins.
Preloading 0 native plugins for Editor in 0.00 ms.
Mono: successfully reloaded assembly
- Completed reload, in  0.703 seconds
Platform modules already initialized, skipping
Refreshing native plugins compatible for Editor in 0.29 ms, found 2 plugins.
Preloading 0 native plugins for Editor in 0.00 ms.
Unloading 1385 Unused Serialized files (Serialized files now loaded: 0)
System memory in use before: 68.3 MB.
System memory in use after: 68.4 MB.

Unloading 14 unused Assets to reduce memory usage. Loaded Objects now: 1882.
Total: 1.517200 ms (FindLiveObjects: 0.127700 ms CreateObjectMapping: 0.027400 ms MarkObjects: 1.319100 ms  DeleteObjects: 0.042100 ms)

AssetImportParameters requested are different than current active one (requested -> active):
  custom:framework-win-MediaFoundation: 216162199b28c13a410421893ffa2e32 -> 
  custom:video-decoder-ogg-theora: a1e56fd34408186e4bbccfd4996cb3dc -> 
  custom:container-muxer-webm: aa71ff27fc2769a1b78a27578f13a17b -> 
  custom:container-demuxer-webm: 4f35f7cbe854078d1ac9338744f61a02 -> 
  custom:container-demuxer-ogg: 62fdf1f143b41e24485cea50d1cbac27 -> 
  custom:video-encoder-webm-vp8: eb34c28f22e8b96e1ab97ce403110664 -> 
  custom:video-decoder-webm-vp8: 9c59270c3fd7afecdb556c50c9e8de78 -> 
  custom:audio-decoder-ogg-vorbis: bf7c407c2cedff20999df2af8eb42d56 -> 
  custom:audio-encoder-webm-vorbis: bf7c407c2cedff20999df2af8eb42d56 -> 
========================================================================
Received Prepare
Registering precompiled user dll's ...
Registered in 0.002905 seconds.
Begin MonoManager ReloadAssembly
Native extension for WindowsStandalone target not found
Refreshing native plugins compatible for Editor in 0.29 ms, found 2 plugins.
Preloading 0 native plugins for Editor in 0.00 ms.
Mono: successfully reloaded assembly
- Completed reload, in  0.716 seconds
Platform modules already initialized, skipping
Refreshing native plugins compatible for Editor in 0.29 ms, found 2 plugins.
Preloading 0 native plugins for Editor in 0.00 ms.
Unloading 1385 Unused Serialized files (Serialized files now loaded: 0)
System memory in use before: 68.3 MB.
System memory in use after: 68.4 MB.

Unloading 14 unused Assets to reduce memory usage. Loaded Objects now: 1885.
Total: 1.559700 ms (FindLiveObjects: 0.143000 ms CreateObjectMapping: 0.029200 ms MarkObjects: 1.340100 ms  DeleteObjects: 0.046600 ms)

AssetImportParameters requested are different than current active one (requested -> active):
  custom:framework-win-MediaFoundation: 216162199b28c13a410421893ffa2e32 -> 
  custom:video-decoder-ogg-theora: a1e56fd34408186e4bbccfd4996cb3dc -> 
  custom:container-muxer-webm: aa71ff27fc2769a1b78a27578f13a17b -> 
  custom:container-demuxer-webm: 4f35f7cbe854078d1ac9338744f61a02 -> 
  custom:container-demuxer-ogg: 62fdf1f143b41e24485cea50d1cbac27 -> 
  custom:video-encoder-webm-vp8: eb34c28f22e8b96e1ab97ce403110664 -> 
  custom:video-decoder-webm-vp8: 9c59270c3fd7afecdb556c50c9e8de78 -> 
  custom:audio-decoder-ogg-vorbis: bf7c407c2cedff20999df2af8eb42d56 -> 
  custom:audio-encoder-webm-vorbis: bf7c407c2cedff20999df2af8eb42d56 -> 
========================================================================
Received Import Request.
  Time since last request: 588.223929 seconds.
  path: Assets/Scripts/Player1Movement.cs
  artifactKey: Guid(eb8fd8dd17e28c142bd17491e39a6b0c) Importer(815301076,1909f56bfc062723c751e8b465ee728b)
Start importing Assets/Scripts/Player1Movement.cs using Guid(eb8fd8dd17e28c142bd17491e39a6b0c) Importer(815301076,1909f56bfc062723c751e8b465ee728b)  -> (artifact id: '66cc3b0533514b8e0d21a0f7e97752d0') in 0.003284 seconds 
  Import took 0.005718 seconds .

========================================================================
Received Prepare
Registering precompiled user dll's ...
Registered in 0.002934 seconds.
Begin MonoManager ReloadAssembly
Native extension for WindowsStandalone target not found
Refreshing native plugins compatible for Editor in 0.30 ms, found 2 plugins.
Preloading 0 native plugins for Editor in 0.00 ms.
Mono: successfully reloaded assembly
- Completed reload, in  0.727 seconds
Platform modules already initialized, skipping
Refreshing native plugins compatible for Editor in 0.30 ms, found 2 plugins.
Preloading 0 native plugins for Editor in 0.00 ms.
Unloading 1385 Unused Serialized files (Serialized files now loaded: 0)
System memory in use before: 68.3 MB.
System memory in use after: 68.4 MB.

Unloading 14 unused Assets to reduce memory usage. Loaded Objects now: 1888.
Total: 1.538800 ms (FindLiveObjects: 0.139900 ms CreateObjectMapping: 0.030000 ms MarkObjects: 1.324300 ms  DeleteObjects: 0.043500 ms)

AssetImportParameters requested are different than current active one (requested -> active):
  custom:framework-win-MediaFoundation: 216162199b28c13a410421893ffa2e32 -> 
  custom:video-decoder-ogg-theora: a1e56fd34408186e4bbccfd4996cb3dc -> 
  custom:container-muxer-webm: aa71ff27fc2769a1b78a27578f13a17b -> 
  custom:container-demuxer-webm: 4f35f7cbe854078d1ac9338744f61a02 -> 
  custom:container-demuxer-ogg: 62fdf1f143b41e24485cea50d1cbac27 -> 
  custom:video-encoder-webm-vp8: eb34c28f22e8b96e1ab97ce403110664 -> 
  custom:video-decoder-webm-vp8: 9c59270c3fd7afecdb556c50c9e8de78 -> 
  custom:audio-decoder-ogg-vorbis: bf7c407c2cedff20999df2af8eb42d56 -> 
  custom:audio-encoder-webm-vorbis: bf7c407c2cedff20999df2af8eb42d56 -> 
========================================================================
Received Prepare
Registering precompiled user dll's ...
Registered in 0.002797 seconds.
Begin MonoManager ReloadAssembly
Native extension for WindowsStandalone target not found
Refreshing native plugins compatible for Editor in 0.29 ms, found 2 plugins.
Preloading 0 native plugins for Editor in 0.00 ms.
Mono: successfully reloaded assembly
- Completed reload, in  0.706 seconds
Platform modules already initialized, skipping
Refreshing native plugins compatible for Editor in 0.29 ms, found 2 plugins.
Preloading 0 native plugins for Editor in 0.00 ms.
Unloading 1385 Unused Serialized files (Serialized files now loaded: 0)
System memory in use before: 68.3 MB.
System memory in use after: 68.4 MB.

Unloading 14 unused Assets to reduce memory usage. Loaded Objects now: 1891.
Total: 1.544500 ms (FindLiveObjects: 0.138000 ms CreateObjectMapping: 0.033100 ms MarkObjects: 1.330200 ms  DeleteObjects: 0.042300 ms)

AssetImportParameters requested are different than current active one (requested -> active):
  custom:framework-win-MediaFoundation: 216162199b28c13a410421893ffa2e32 -> 
  custom:video-decoder-ogg-theora: a1e56fd34408186e4bbccfd4996cb3dc -> 
  custom:container-muxer-webm: aa71ff27fc2769a1b78a27578f13a17b -> 
  custom:container-demuxer-webm: 4f35f7cbe854078d1ac9338744f61a02 -> 
  custom:container-demuxer-ogg: 62fdf1f143b41e24485cea50d1cbac27 -> 
  custom:video-encoder-webm-vp8: eb34c28f22e8b96e1ab97ce403110664 -> 
  custom:video-decoder-webm-vp8: 9c59270c3fd7afecdb556c50c9e8de78 -> 
  custom:audio-decoder-ogg-vorbis: bf7c407c2cedff20999df2af8eb42d56 -> 
  custom:audio-encoder-webm-vorbis: bf7c407c2cedff20999df2af8eb42d56 -> 
========================================================================
Received Prepare
Registering precompiled user dll's ...
Registered in 0.002786 seconds.
Begin MonoManager ReloadAssembly
Native extension for WindowsStandalone target not found
Refreshing native plugins compatible for Editor in 0.30 ms, found 2 plugins.
Preloading 0 native plugins for Editor in 0.00 ms.
Mono: successfully reloaded assembly
- Completed reload, in  0.704 seconds
Platform modules already initialized, skipping
Refreshing native plugins compatible for Editor in 0.29 ms, found 2 plugins.
Preloading 0 native plugins for Editor in 0.00 ms.
Unloading 1385 Unused Serialized files (Serialized files now loaded: 0)
System memory in use before: 68.3 MB.
System memory in use after: 68.4 MB.

Unloading 14 unused Assets to reduce memory usage. Loaded Objects now: 1894.
Total: 1.759300 ms (FindLiveObjects: 0.135300 ms CreateObjectMapping: 0.027200 ms MarkObjects: 1.551200 ms  DeleteObjects: 0.044900 ms)

AssetImportParameters requested are different than current active one (requested -> active):
  custom:framework-win-MediaFoundation: 216162199b28c13a410421893ffa2e32 -> 
  custom:video-decoder-ogg-theora: a1e56fd34408186e4bbccfd4996cb3dc -> 
  custom:container-muxer-webm: aa71ff27fc2769a1b78a27578f13a17b -> 
  custom:container-demuxer-webm: 4f35f7cbe854078d1ac9338744f61a02 -> 
  custom:container-demuxer-ogg: 62fdf1f143b41e24485cea50d1cbac27 -> 
  custom:video-encoder-webm-vp8: eb34c28f22e8b96e1ab97ce403110664 -> 
  custom:video-decoder-webm-vp8: 9c59270c3fd7afecdb556c50c9e8de78 -> 
  custom:audio-decoder-ogg-vorbis: bf7c407c2cedff20999df2af8eb42d56 -> 
  custom:audio-encoder-webm-vorbis: bf7c407c2cedff20999df2af8eb42d56 -> 
========================================================================
Received Prepare
Registering precompiled user dll's ...
Registered in 0.002736 seconds.
Begin MonoManager ReloadAssembly
Native extension for WindowsStandalone target not found
Refreshing native plugins compatible for Editor in 0.31 ms, found 2 plugins.
Preloading 0 native plugins for Editor in 0.00 ms.
Mono: successfully reloaded assembly
- Completed reload, in  0.707 seconds
Platform modules already initialized, skipping
Refreshing native plugins compatible for Editor in 0.29 ms, found 2 plugins.
Preloading 0 native plugins for Editor in 0.00 ms.
Unloading 1385 Unused Serialized files (Serialized files now loaded: 0)
System memory in use before: 68.3 MB.
System memory in use after: 68.4 MB.

Unloading 14 unused Assets to reduce memory usage. Loaded Objects now: 1897.
Total: 1.505300 ms (FindLiveObjects: 0.127200 ms CreateObjectMapping: 0.027800 ms MarkObjects: 1.309500 ms  DeleteObjects: 0.040100 ms)

AssetImportParameters requested are different than current active one (requested -> active):
  custom:framework-win-MediaFoundation: 216162199b28c13a410421893ffa2e32 -> 
  custom:video-decoder-ogg-theora: a1e56fd34408186e4bbccfd4996cb3dc -> 
  custom:container-muxer-webm: aa71ff27fc2769a1b78a27578f13a17b -> 
  custom:container-demuxer-webm: 4f35f7cbe854078d1ac9338744f61a02 -> 
  custom:container-demuxer-ogg: 62fdf1f143b41e24485cea50d1cbac27 -> 
  custom:video-encoder-webm-vp8: eb34c28f22e8b96e1ab97ce403110664 -> 
  custom:video-decoder-webm-vp8: 9c59270c3fd7afecdb556c50c9e8de78 -> 
  custom:audio-decoder-ogg-vorbis: bf7c407c2cedff20999df2af8eb42d56 -> 
  custom:audio-encoder-webm-vorbis: bf7c407c2cedff20999df2af8eb42d56 -> 
========================================================================
Received Prepare
Registering precompiled user dll's ...
Registered in 0.003432 seconds.
Begin MonoManager ReloadAssembly
Native extension for WindowsStandalone target not found
Refreshing native plugins compatible for Editor in 0.29 ms, found 2 plugins.
Preloading 0 native plugins for Editor in 0.00 ms.
Mono: successfully reloaded assembly
- Completed reload, in  0.716 seconds
Platform modules already initialized, skipping
Refreshing native plugins compatible for Editor in 0.29 ms, found 2 plugins.
Preloading 0 native plugins for Editor in 0.00 ms.
Unloading 1385 Unused Serialized files (Serialized files now loaded: 0)
System memory in use before: 68.3 MB.
System memory in use after: 68.4 MB.

Unloading 14 unused Assets to reduce memory usage. Loaded Objects now: 1900.
Total: 1.542400 ms (FindLiveObjects: 0.129900 ms CreateObjectMapping: 0.027600 ms MarkObjects: 1.341300 ms  DeleteObjects: 0.042700 ms)

AssetImportParameters requested are different than current active one (requested -> active):
  custom:framework-win-MediaFoundation: 216162199b28c13a410421893ffa2e32 -> 
  custom:video-decoder-ogg-theora: a1e56fd34408186e4bbccfd4996cb3dc -> 
  custom:container-muxer-webm: aa71ff27fc2769a1b78a27578f13a17b -> 
  custom:container-demuxer-webm: 4f35f7cbe854078d1ac9338744f61a02 -> 
  custom:container-demuxer-ogg: 62fdf1f143b41e24485cea50d1cbac27 -> 
  custom:video-encoder-webm-vp8: eb34c28f22e8b96e1ab97ce403110664 -> 
  custom:video-decoder-webm-vp8: 9c59270c3fd7afecdb556c50c9e8de78 -> 
  custom:audio-decoder-ogg-vorbis: bf7c407c2cedff20999df2af8eb42d56 -> 
  custom:audio-encoder-webm-vorbis: bf7c407c2cedff20999df2af8eb42d56 -> 
========================================================================
Received Import Request.
  Time since last request: 312.697453 seconds.
  path: Assets/Scripts/Player2Movement.cs
  artifactKey: Guid(7bf541f5da79fbd489934a2ec2dd4e19) Importer(815301076,1909f56bfc062723c751e8b465ee728b)
Start importing Assets/Scripts/Player2Movement.cs using Guid(7bf541f5da79fbd489934a2ec2dd4e19) Importer(815301076,1909f56bfc062723c751e8b465ee728b)  -> (artifact id: 'b6f0e9009c3a6ffa6c886f3202b1af8e') in 0.005817 seconds 
  Import took 0.007656 seconds .

========================================================================
Received Prepare
Registering precompiled user dll's ...
Registered in 0.002736 seconds.
Begin MonoManager ReloadAssembly
Native extension for WindowsStandalone target not found
Refreshing native plugins compatible for Editor in 0.29 ms, found 2 plugins.
Preloading 0 native plugins for Editor in 0.00 ms.
Mono: successfully reloaded assembly
- Completed reload, in  0.699 seconds
Platform modules already initialized, skipping
Refreshing native plugins compatible for Editor in 0.28 ms, found 2 plugins.
Preloading 0 native plugins for Editor in 0.00 ms.
Unloading 1385 Unused Serialized files (Serialized files now loaded: 0)
System memory in use before: 68.3 MB.
System memory in use after: 68.4 MB.

Unloading 14 unused Assets to reduce memory usage. Loaded Objects now: 1903.
Total: 1.523500 ms (FindLiveObjects: 0.126000 ms CreateObjectMapping: 0.027900 ms MarkObjects: 1.325600 ms  DeleteObjects: 0.043200 ms)

AssetImportParameters requested are different than current active one (requested -> active):
  custom:framework-win-MediaFoundation: 216162199b28c13a410421893ffa2e32 -> 
  custom:video-decoder-ogg-theora: a1e56fd34408186e4bbccfd4996cb3dc -> 
  custom:container-muxer-webm: aa71ff27fc2769a1b78a27578f13a17b -> 
  custom:container-demuxer-webm: 4f35f7cbe854078d1ac9338744f61a02 -> 
  custom:container-demuxer-ogg: 62fdf1f143b41e24485cea50d1cbac27 -> 
  custom:video-encoder-webm-vp8: eb34c28f22e8b96e1ab97ce403110664 -> 
  custom:video-decoder-webm-vp8: 9c59270c3fd7afecdb556c50c9e8de78 -> 
  custom:audio-decoder-ogg-vorbis: bf7c407c2cedff20999df2af8eb42d56 -> 
  custom:audio-encoder-webm-vorbis: bf7c407c2cedff20999df2af8eb42d56 -> 
========================================================================
Received Prepare
Registering precompiled user dll's ...
Registered in 0.002722 seconds.
Begin MonoManager ReloadAssembly
Native extension for WindowsStandalone target not found
Refreshing native plugins compatible for Editor in 0.29 ms, found 2 plugins.
Preloading 0 native plugins for Editor in 0.00 ms.
Mono: successfully reloaded assembly
- Completed reload, in  0.717 seconds
Platform modules already initialized, skipping
Refreshing native plugins compatible for Editor in 0.29 ms, found 2 plugins.
Preloading 0 native plugins for Editor in 0.00 ms.
Unloading 1385 Unused Serialized files (Serialized files now loaded: 0)
System memory in use before: 68.3 MB.
System memory in use after: 68.4 MB.

Unloading 14 unused Assets to reduce memory usage. Loaded Objects now: 1906.
Total: 1.537100 ms (FindLiveObjects: 0.125000 ms CreateObjectMapping: 0.028300 ms MarkObjects: 1.341100 ms  DeleteObjects: 0.041900 ms)

AssetImportParameters requested are different than current active one (requested -> active):
  custom:framework-win-MediaFoundation: 216162199b28c13a410421893ffa2e32 -> 
  custom:video-decoder-ogg-theora: a1e56fd34408186e4bbccfd4996cb3dc -> 
  custom:container-muxer-webm: aa71ff27fc2769a1b78a27578f13a17b -> 
  custom:container-demuxer-webm: 4f35f7cbe854078d1ac9338744f61a02 -> 
  custom:container-demuxer-ogg: 62fdf1f143b41e24485cea50d1cbac27 -> 
  custom:video-encoder-webm-vp8: eb34c28f22e8b96e1ab97ce403110664 -> 
  custom:video-decoder-webm-vp8: 9c59270c3fd7afecdb556c50c9e8de78 -> 
  custom:audio-decoder-ogg-vorbis: bf7c407c2cedff20999df2af8eb42d56 -> 
  custom:audio-encoder-webm-vorbis: bf7c407c2cedff20999df2af8eb42d56 -> 
========================================================================
Received Import Request.
  Time since last request: 291.905178 seconds.
  path: Assets/Materiales/360_F_264279006_WDXxV3OHjAOoHqH7iiLDrg23p0947g7U.jpg
  artifactKey: Guid(de50329baa8fe1f4ba3610b798f5e7d6) Importer(815301076,1909f56bfc062723c751e8b465ee728b)
Start importing Assets/Materiales/360_F_264279006_WDXxV3OHjAOoHqH7iiLDrg23p0947g7U.jpg using Guid(de50329baa8fe1f4ba3610b798f5e7d6) Importer(815301076,1909f56bfc062723c751e8b465ee728b)  -> (artifact id: '97aab59a7847c10ac59b37a6a16449b9') in 0.054305 seconds 
  Import took 0.066170 seconds .

========================================================================
Received Import Request.
  Time since last request: 50.848785 seconds.
  path: Assets/Materiales/4045b9be83622d5e4cd8f9ef53178054.jpg
  artifactKey: Guid(9e304d6206a70b14b8d2cf43f2247920) Importer(815301076,1909f56bfc062723c751e8b465ee728b)
Start importing Assets/Materiales/4045b9be83622d5e4cd8f9ef53178054.jpg using Guid(9e304d6206a70b14b8d2cf43f2247920) Importer(815301076,1909f56bfc062723c751e8b465ee728b)  -> (artifact id: 'c9cae8560fa2c600534f55edf150e357') in 0.007358 seconds 
  Import took 0.019644 seconds .

========================================================================
Received Import Request.
  Time since last request: 45.931782 seconds.
  path: Assets/Materiales/4045b9be83622d5e4cd8f9ef53178054.jpg
  artifactKey: Guid(9e304d6206a70b14b8d2cf43f2247920) Importer(815301076,1909f56bfc062723c751e8b465ee728b)
Start importing Assets/Materiales/4045b9be83622d5e4cd8f9ef53178054.jpg using Guid(9e304d6206a70b14b8d2cf43f2247920) Importer(815301076,1909f56bfc062723c751e8b465ee728b)  -> (artifact id: '71106be249bfbd23ba80bc22cd7a3852') in 0.004027 seconds 
  Import took 0.025795 seconds .

========================================================================
Received Prepare
Registering precompiled user dll's ...
Registered in 0.002868 seconds.
Begin MonoManager ReloadAssembly
Native extension for WindowsStandalone target not found
Refreshing native plugins compatible for Editor in 0.35 ms, found 2 plugins.
Preloading 0 native plugins for Editor in 0.00 ms.
Mono: successfully reloaded assembly
- Completed reload, in  0.729 seconds
Platform modules already initialized, skipping
Refreshing native plugins compatible for Editor in 0.32 ms, found 2 plugins.
Preloading 0 native plugins for Editor in 0.00 ms.
Unloading 1385 Unused Serialized files (Serialized files now loaded: 0)
System memory in use before: 68.4 MB.
System memory in use after: 68.4 MB.

Unloading 14 unused Assets to reduce memory usage. Loaded Objects now: 1911.
Total: 1.654200 ms (FindLiveObjects: 0.153100 ms CreateObjectMapping: 0.029500 ms MarkObjects: 1.419900 ms  DeleteObjects: 0.050800 ms)

AssetImportParameters requested are different than current active one (requested -> active):
  custom:framework-win-MediaFoundation: 216162199b28c13a410421893ffa2e32 -> 
  custom:video-decoder-ogg-theora: a1e56fd34408186e4bbccfd4996cb3dc -> 
  custom:container-muxer-webm: aa71ff27fc2769a1b78a27578f13a17b -> 
  custom:container-demuxer-webm: 4f35f7cbe854078d1ac9338744f61a02 -> 
  custom:container-demuxer-ogg: 62fdf1f143b41e24485cea50d1cbac27 -> 
  custom:video-encoder-webm-vp8: eb34c28f22e8b96e1ab97ce403110664 -> 
  custom:video-decoder-webm-vp8: 9c59270c3fd7afecdb556c50c9e8de78 -> 
  custom:audio-decoder-ogg-vorbis: bf7c407c2cedff20999df2af8eb42d56 -> 
  custom:audio-encoder-webm-vorbis: bf7c407c2cedff20999df2af8eb42d56 -> 
========================================================================
Received Import Request.
  Time since last request: 180.719618 seconds.
  path: Assets/Materiales/New Material.mat
  artifactKey: Guid(20bcebf9b917b4e48b3a6abf801ca59a) Importer(815301076,1909f56bfc062723c751e8b465ee728b)
Start importing Assets/Materiales/New Material.mat using Guid(20bcebf9b917b4e48b3a6abf801ca59a) Importer(815301076,1909f56bfc062723c751e8b465ee728b)  -> (artifact id: '78ac8aa8c29b812423d8cad3b1625152') in 0.046635 seconds 
  Import took 0.048836 seconds .

========================================================================
Received Import Request.
  Time since last request: 136.026262 seconds.
  path: Assets/Materiales/Laser.fbx
  artifactKey: Guid(f38e3730cc35c41488efd943878d46c0) Importer(815301076,1909f56bfc062723c751e8b465ee728b)
Start importing Assets/Materiales/Laser.fbx using Guid(f38e3730cc35c41488efd943878d46c0) Importer(815301076,1909f56bfc062723c751e8b465ee728b)  -> (artifact id: 'f30097fe76f2b1853bfcff822ad793c8') in 0.039553 seconds 
  Import took 0.041723 seconds .

========================================================================
Received Import Request.
  Time since last request: 47.356824 seconds.
  path: Assets/Materiales/Laser.fbx
  artifactKey: Guid(f38e3730cc35c41488efd943878d46c0) Importer(815301076,1909f56bfc062723c751e8b465ee728b)
Start importing Assets/Materiales/Laser.fbx using Guid(f38e3730cc35c41488efd943878d46c0) Importer(815301076,1909f56bfc062723c751e8b465ee728b)  -> (artifact id: 'a663231e5dc0c48187be4547637650e9') in 0.018071 seconds 
  Import took 0.028714 seconds .

========================================================================
Received Import Request.
  Time since last request: 145.899379 seconds.
  path: Assets/Materiales/Laser.fbx
  artifactKey: Guid(f38e3730cc35c41488efd943878d46c0) Importer(815301076,1909f56bfc062723c751e8b465ee728b)
Start importing Assets/Materiales/Laser.fbx using Guid(f38e3730cc35c41488efd943878d46c0) Importer(815301076,1909f56bfc062723c751e8b465ee728b)  -> (artifact id: '8420becbe7330eb367510a092681530a') in 0.016334 seconds 
  Import took 0.018460 seconds .

========================================================================
Received Prepare
Registering precompiled user dll's ...
Registered in 0.002855 seconds.
Begin MonoManager ReloadAssembly
Native extension for WindowsStandalone target not found
Refreshing native plugins compatible for Editor in 0.31 ms, found 2 plugins.
Preloading 0 native plugins for Editor in 0.00 ms.
Mono: successfully reloaded assembly
- Completed reload, in  0.724 seconds
Platform modules already initialized, skipping
Refreshing native plugins compatible for Editor in 0.29 ms, found 2 plugins.
Preloading 0 native plugins for Editor in 0.00 ms.
Unloading 1385 Unused Serialized files (Serialized files now loaded: 0)
System memory in use before: 68.4 MB.
System memory in use after: 68.5 MB.

Unloading 14 unused Assets to reduce memory usage. Loaded Objects now: 1916.
Total: 1.542500 ms (FindLiveObjects: 0.129300 ms CreateObjectMapping: 0.027700 ms MarkObjects: 1.342900 ms  DeleteObjects: 0.042000 ms)

AssetImportParameters requested are different than current active one (requested -> active):
  custom:framework-win-MediaFoundation: 216162199b28c13a410421893ffa2e32 -> 
  custom:video-decoder-ogg-theora: a1e56fd34408186e4bbccfd4996cb3dc -> 
  custom:container-muxer-webm: aa71ff27fc2769a1b78a27578f13a17b -> 
  custom:container-demuxer-webm: 4f35f7cbe854078d1ac9338744f61a02 -> 
  custom:container-demuxer-ogg: 62fdf1f143b41e24485cea50d1cbac27 -> 
  custom:video-encoder-webm-vp8: eb34c28f22e8b96e1ab97ce403110664 -> 
  custom:video-decoder-webm-vp8: 9c59270c3fd7afecdb556c50c9e8de78 -> 
  custom:audio-decoder-ogg-vorbis: bf7c407c2cedff20999df2af8eb42d56 -> 
  custom:audio-encoder-webm-vorbis: bf7c407c2cedff20999df2af8eb42d56 -> 
========================================================================
Received Import Request.
  Time since last request: 537.411251 seconds.
  path: Assets/Scripts/ShotingLaser.cs
  artifactKey: Guid(70f33120355d42b4fb5030ba266ee11b) Importer(815301076,1909f56bfc062723c751e8b465ee728b)
Start importing Assets/Scripts/ShotingLaser.cs using Guid(70f33120355d42b4fb5030ba266ee11b) Importer(815301076,1909f56bfc062723c751e8b465ee728b)  -> (artifact id: 'c33dedc385bdc7d28dcfee1e7141d927') in 0.004921 seconds 
  Import took 0.007317 seconds .

========================================================================
Received Prepare
Registering precompiled user dll's ...
Registered in 0.003037 seconds.
Begin MonoManager ReloadAssembly
Native extension for WindowsStandalone target not found
Refreshing native plugins compatible for Editor in 0.30 ms, found 2 plugins.
Preloading 0 native plugins for Editor in 0.00 ms.
Mono: successfully reloaded assembly
- Completed reload, in  0.710 seconds
Platform modules already initialized, skipping
Refreshing native plugins compatible for Editor in 0.30 ms, found 2 plugins.
Preloading 0 native plugins for Editor in 0.00 ms.
Unloading 1385 Unused Serialized files (Serialized files now loaded: 0)
System memory in use before: 68.5 MB.
System memory in use after: 68.5 MB.

Unloading 14 unused Assets to reduce memory usage. Loaded Objects now: 1919.
Total: 1.571500 ms (FindLiveObjects: 0.129000 ms CreateObjectMapping: 0.028200 ms MarkObjects: 1.368100 ms  DeleteObjects: 0.045400 ms)

AssetImportParameters requested are different than current active one (requested -> active):
  custom:framework-win-MediaFoundation: 216162199b28c13a410421893ffa2e32 -> 
  custom:video-decoder-ogg-theora: a1e56fd34408186e4bbccfd4996cb3dc -> 
  custom:container-muxer-webm: aa71ff27fc2769a1b78a27578f13a17b -> 
  custom:container-demuxer-webm: 4f35f7cbe854078d1ac9338744f61a02 -> 
  custom:container-demuxer-ogg: 62fdf1f143b41e24485cea50d1cbac27 -> 
  custom:video-encoder-webm-vp8: eb34c28f22e8b96e1ab97ce403110664 -> 
  custom:video-decoder-webm-vp8: 9c59270c3fd7afecdb556c50c9e8de78 -> 
  custom:audio-decoder-ogg-vorbis: bf7c407c2cedff20999df2af8eb42d56 -> 
  custom:audio-encoder-webm-vorbis: bf7c407c2cedff20999df2af8eb42d56 -> 
========================================================================
Received Import Request.
  Time since last request: 41.163543 seconds.
  path: Assets/Scripts/ShotingLaser.cs
  artifactKey: Guid(70f33120355d42b4fb5030ba266ee11b) Importer(815301076,1909f56bfc062723c751e8b465ee728b)
Start importing Assets/Scripts/ShotingLaser.cs using Guid(70f33120355d42b4fb5030ba266ee11b) Importer(815301076,1909f56bfc062723c751e8b465ee728b)  -> (artifact id: '3726c4a693c0befd77deaedf9a924170') in 0.003257 seconds 
  Import took 0.005079 seconds .

========================================================================
Received Import Request.
  Time since last request: 93.291921 seconds.
  path: Assets/Prefabs/Laser.prefab
  artifactKey: Guid(c46291681efc5d44c9f01a6ff3c9cad5) Importer(815301076,1909f56bfc062723c751e8b465ee728b)
Start importing Assets/Prefabs/Laser.prefab using Guid(c46291681efc5d44c9f01a6ff3c9cad5) Importer(815301076,1909f56bfc062723c751e8b465ee728b)  -> (artifact id: '1437a09315828c12e4c544b4cf83a90c') in 0.040112 seconds 
  Import took 0.053250 seconds .

========================================================================
Received Import Request.
  Time since last request: 0.006205 seconds.
  path: Assets/Prefabs/Laser.prefab
  artifactKey: Guid(c46291681efc5d44c9f01a6ff3c9cad5) Importer(815301076,1909f56bfc062723c751e8b465ee728b)
Start importing Assets/Prefabs/Laser.prefab using Guid(c46291681efc5d44c9f01a6ff3c9cad5) Importer(815301076,1909f56bfc062723c751e8b465ee728b)  -> (artifact id: '1437a09315828c12e4c544b4cf83a90c') in 0.006039 seconds 
  Import took 0.008094 seconds .

========================================================================
Received Prepare
Registering precompiled user dll's ...
Registered in 0.002782 seconds.
Begin MonoManager ReloadAssembly
Native extension for WindowsStandalone target not found
Refreshing native plugins compatible for Editor in 0.32 ms, found 2 plugins.
Preloading 0 native plugins for Editor in 0.00 ms.
Mono: successfully reloaded assembly
- Completed reload, in  0.745 seconds
Platform modules already initialized, skipping
Refreshing native plugins compatible for Editor in 0.31 ms, found 2 plugins.
Preloading 0 native plugins for Editor in 0.00 ms.
Unloading 1385 Unused Serialized files (Serialized files now loaded: 0)
System memory in use before: 68.5 MB.
System memory in use after: 68.6 MB.

Unloading 14 unused Assets to reduce memory usage. Loaded Objects now: 1923.
Total: 1.627300 ms (FindLiveObjects: 0.145200 ms CreateObjectMapping: 0.028800 ms MarkObjects: 1.407300 ms  DeleteObjects: 0.044900 ms)

AssetImportParameters requested are different than current active one (requested -> active):
  custom:framework-win-MediaFoundation: 216162199b28c13a410421893ffa2e32 -> 
  custom:video-decoder-ogg-theora: a1e56fd34408186e4bbccfd4996cb3dc -> 
  custom:container-muxer-webm: aa71ff27fc2769a1b78a27578f13a17b -> 
  custom:container-demuxer-webm: 4f35f7cbe854078d1ac9338744f61a02 -> 
  custom:container-demuxer-ogg: 62fdf1f143b41e24485cea50d1cbac27 -> 
  custom:video-encoder-webm-vp8: eb34c28f22e8b96e1ab97ce403110664 -> 
  custom:video-decoder-webm-vp8: 9c59270c3fd7afecdb556c50c9e8de78 -> 
  custom:audio-decoder-ogg-vorbis: bf7c407c2cedff20999df2af8eb42d56 -> 
  custom:audio-encoder-webm-vorbis: bf7c407c2cedff20999df2af8eb42d56 -> 
========================================================================
Received Import Request.
  Time since last request: 29.996187 seconds.
  path: Assets/Prefabs/Laser.prefab
  artifactKey: Guid(c46291681efc5d44c9f01a6ff3c9cad5) Importer(815301076,1909f56bfc062723c751e8b465ee728b)
Start importing Assets/Prefabs/Laser.prefab using Guid(c46291681efc5d44c9f01a6ff3c9cad5) Importer(815301076,1909f56bfc062723c751e8b465ee728b)  -> (artifact id: '95dada06d26f6b5045770c339b13422a') in 0.040590 seconds 
  Import took 0.042828 seconds .

========================================================================
Received Prepare
Registering precompiled user dll's ...
Registered in 0.002789 seconds.
Begin MonoManager ReloadAssembly
Native extension for WindowsStandalone target not found
Refreshing native plugins compatible for Editor in 0.30 ms, found 2 plugins.
Preloading 0 native plugins for Editor in 0.00 ms.
Mono: successfully reloaded assembly
- Completed reload, in  0.711 seconds
Platform modules already initialized, skipping
Refreshing native plugins compatible for Editor in 0.30 ms, found 2 plugins.
Preloading 0 native plugins for Editor in 0.00 ms.
Unloading 1385 Unused Serialized files (Serialized files now loaded: 0)
System memory in use before: 68.5 MB.
System memory in use after: 68.6 MB.

Unloading 14 unused Assets to reduce memory usage. Loaded Objects now: 1927.
Total: 1.572400 ms (FindLiveObjects: 0.135700 ms CreateObjectMapping: 0.028100 ms MarkObjects: 1.363500 ms  DeleteObjects: 0.044200 ms)

AssetImportParameters requested are different than current active one (requested -> active):
  custom:framework-win-MediaFoundation: 216162199b28c13a410421893ffa2e32 -> 
  custom:video-decoder-ogg-theora: a1e56fd34408186e4bbccfd4996cb3dc -> 
  custom:container-muxer-webm: aa71ff27fc2769a1b78a27578f13a17b -> 
  custom:container-demuxer-webm: 4f35f7cbe854078d1ac9338744f61a02 -> 
  custom:container-demuxer-ogg: 62fdf1f143b41e24485cea50d1cbac27 -> 
  custom:video-encoder-webm-vp8: eb34c28f22e8b96e1ab97ce403110664 -> 
  custom:video-decoder-webm-vp8: 9c59270c3fd7afecdb556c50c9e8de78 -> 
  custom:audio-decoder-ogg-vorbis: bf7c407c2cedff20999df2af8eb42d56 -> 
  custom:audio-encoder-webm-vorbis: bf7c407c2cedff20999df2af8eb42d56 -> 
========================================================================
Received Prepare
Registering precompiled user dll's ...
Registered in 0.002863 seconds.
Begin MonoManager ReloadAssembly
Native extension for WindowsStandalone target not found
Refreshing native plugins compatible for Editor in 0.29 ms, found 2 plugins.
Preloading 0 native plugins for Editor in 0.00 ms.
Mono: successfully reloaded assembly
- Completed reload, in  0.716 seconds
Platform modules already initialized, skipping
Refreshing native plugins compatible for Editor in 0.29 ms, found 2 plugins.
Preloading 0 native plugins for Editor in 0.00 ms.
Unloading 1385 Unused Serialized files (Serialized files now loaded: 0)
System memory in use before: 68.5 MB.
System memory in use after: 68.6 MB.

Unloading 14 unused Assets to reduce memory usage. Loaded Objects now: 1930.
Total: 1.633700 ms (FindLiveObjects: 0.140200 ms CreateObjectMapping: 0.033900 ms MarkObjects: 1.413300 ms  DeleteObjects: 0.045400 ms)

AssetImportParameters requested are different than current active one (requested -> active):
  custom:framework-win-MediaFoundation: 216162199b28c13a410421893ffa2e32 -> 
  custom:video-decoder-ogg-theora: a1e56fd34408186e4bbccfd4996cb3dc -> 
  custom:container-muxer-webm: aa71ff27fc2769a1b78a27578f13a17b -> 
  custom:container-demuxer-webm: 4f35f7cbe854078d1ac9338744f61a02 -> 
  custom:container-demuxer-ogg: 62fdf1f143b41e24485cea50d1cbac27 -> 
  custom:video-encoder-webm-vp8: eb34c28f22e8b96e1ab97ce403110664 -> 
  custom:video-decoder-webm-vp8: 9c59270c3fd7afecdb556c50c9e8de78 -> 
  custom:audio-decoder-ogg-vorbis: bf7c407c2cedff20999df2af8eb42d56 -> 
  custom:audio-encoder-webm-vorbis: bf7c407c2cedff20999df2af8eb42d56 -> 
========================================================================
Received Import Request.
  Time since last request: 51.246284 seconds.
  path: Assets/Prefabs/Laser.prefab
  artifactKey: Guid(c46291681efc5d44c9f01a6ff3c9cad5) Importer(815301076,1909f56bfc062723c751e8b465ee728b)
Start importing Assets/Prefabs/Laser.prefab using Guid(c46291681efc5d44c9f01a6ff3c9cad5) Importer(815301076,1909f56bfc062723c751e8b465ee728b)  -> (artifact id: '0b2f9395c9310cbaf2b7500c9b3d5094') in 0.038388 seconds 
  Import took 0.040402 seconds .

========================================================================
Received Prepare
Registering precompiled user dll's ...
Registered in 0.002995 seconds.
Begin MonoManager ReloadAssembly
Native extension for WindowsStandalone target not found
Refreshing native plugins compatible for Editor in 0.29 ms, found 2 plugins.
Preloading 0 native plugins for Editor in 0.00 ms.
Mono: successfully reloaded assembly
- Completed reload, in  0.720 seconds
Platform modules already initialized, skipping
Refreshing native plugins compatible for Editor in 0.30 ms, found 2 plugins.
Preloading 0 native plugins for Editor in 0.00 ms.
Unloading 1385 Unused Serialized files (Serialized files now loaded: 0)
System memory in use before: 68.5 MB.
System memory in use after: 68.6 MB.

Unloading 14 unused Assets to reduce memory usage. Loaded Objects now: 1934.
Total: 1.546000 ms (FindLiveObjects: 0.138400 ms CreateObjectMapping: 0.027300 ms MarkObjects: 1.334500 ms  DeleteObjects: 0.044800 ms)

AssetImportParameters requested are different than current active one (requested -> active):
  custom:framework-win-MediaFoundation: 216162199b28c13a410421893ffa2e32 -> 
  custom:video-decoder-ogg-theora: a1e56fd34408186e4bbccfd4996cb3dc -> 
  custom:container-muxer-webm: aa71ff27fc2769a1b78a27578f13a17b -> 
  custom:container-demuxer-webm: 4f35f7cbe854078d1ac9338744f61a02 -> 
  custom:container-demuxer-ogg: 62fdf1f143b41e24485cea50d1cbac27 -> 
  custom:video-encoder-webm-vp8: eb34c28f22e8b96e1ab97ce403110664 -> 
  custom:video-decoder-webm-vp8: 9c59270c3fd7afecdb556c50c9e8de78 -> 
  custom:audio-decoder-ogg-vorbis: bf7c407c2cedff20999df2af8eb42d56 -> 
  custom:audio-encoder-webm-vorbis: bf7c407c2cedff20999df2af8eb42d56 -> 
========================================================================
Received Import Request.
  Time since last request: 185.540687 seconds.
  path: Assets/Prefabs/LaserObject.prefab
  artifactKey: Guid(d41ef86b87de7894d954198cce043bc9) Importer(815301076,1909f56bfc062723c751e8b465ee728b)
Start importing Assets/Prefabs/LaserObject.prefab using Guid(d41ef86b87de7894d954198cce043bc9) Importer(815301076,1909f56bfc062723c751e8b465ee728b)  -> (artifact id: '359f129e604203e4d3925af549091dbd') in 0.042273 seconds 
  Import took 0.044575 seconds .

========================================================================
Received Prepare
Registering precompiled user dll's ...
Registered in 0.002883 seconds.
Begin MonoManager ReloadAssembly
Native extension for WindowsStandalone target not found
Refreshing native plugins compatible for Editor in 0.29 ms, found 2 plugins.
Preloading 0 native plugins for Editor in 0.00 ms.
Mono: successfully reloaded assembly
- Completed reload, in  0.717 seconds
Platform modules already initialized, skipping
Refreshing native plugins compatible for Editor in 0.29 ms, found 2 plugins.
Preloading 0 native plugins for Editor in 0.00 ms.
Unloading 1385 Unused Serialized files (Serialized files now loaded: 0)
System memory in use before: 68.5 MB.
System memory in use after: 68.6 MB.

Unloading 14 unused Assets to reduce memory usage. Loaded Objects now: 1938.
Total: 1.544800 ms (FindLiveObjects: 0.130600 ms CreateObjectMapping: 0.028000 ms MarkObjects: 1.341200 ms  DeleteObjects: 0.044400 ms)

AssetImportParameters requested are different than current active one (requested -> active):
  custom:framework-win-MediaFoundation: 216162199b28c13a410421893ffa2e32 -> 
  custom:video-decoder-ogg-theora: a1e56fd34408186e4bbccfd4996cb3dc -> 
  custom:container-muxer-webm: aa71ff27fc2769a1b78a27578f13a17b -> 
  custom:container-demuxer-webm: 4f35f7cbe854078d1ac9338744f61a02 -> 
  custom:container-demuxer-ogg: 62fdf1f143b41e24485cea50d1cbac27 -> 
  custom:video-encoder-webm-vp8: eb34c28f22e8b96e1ab97ce403110664 -> 
  custom:video-decoder-webm-vp8: 9c59270c3fd7afecdb556c50c9e8de78 -> 
  custom:audio-decoder-ogg-vorbis: bf7c407c2cedff20999df2af8eb42d56 -> 
  custom:audio-encoder-webm-vorbis: bf7c407c2cedff20999df2af8eb42d56 -> 
========================================================================
Received Import Request.
  Time since last request: 34.131946 seconds.
  path: Assets/Prefabs/LaserObject.prefab
  artifactKey: Guid(d41ef86b87de7894d954198cce043bc9) Importer(815301076,1909f56bfc062723c751e8b465ee728b)
Start importing Assets/Prefabs/LaserObject.prefab using Guid(d41ef86b87de7894d954198cce043bc9) Importer(815301076,1909f56bfc062723c751e8b465ee728b)  -> (artifact id: '5f05a7ebdf472daf06a604c2bf4ffee5') in 0.038530 seconds 
  Import took 0.040884 seconds .

========================================================================
Received Import Request.
  Time since last request: 3.884167 seconds.
  path: Assets/Prefabs/LaserObject.prefab
  artifactKey: Guid(d41ef86b87de7894d954198cce043bc9) Importer(815301076,1909f56bfc062723c751e8b465ee728b)
Start importing Assets/Prefabs/LaserObject.prefab using Guid(d41ef86b87de7894d954198cce043bc9) Importer(815301076,1909f56bfc062723c751e8b465ee728b)  -> (artifact id: '7daae4f582109ec8460105c658380b29') in 0.005783 seconds 
  Import took 0.008139 seconds .

========================================================================
Received Import Request.
  Time since last request: 2.200706 seconds.
  path: Assets/Prefabs/LaserObject.prefab
  artifactKey: Guid(d41ef86b87de7894d954198cce043bc9) Importer(815301076,1909f56bfc062723c751e8b465ee728b)
Start importing Assets/Prefabs/LaserObject.prefab using Guid(d41ef86b87de7894d954198cce043bc9) Importer(815301076,1909f56bfc062723c751e8b465ee728b)  -> (artifact id: '6c8726248780128b129c4d528e7eda4d') in 0.005730 seconds 
  Import took 0.007929 seconds .

========================================================================
Received Import Request.
  Time since last request: 1.629105 seconds.
  path: Assets/Prefabs/LaserObject.prefab
  artifactKey: Guid(d41ef86b87de7894d954198cce043bc9) Importer(815301076,1909f56bfc062723c751e8b465ee728b)
Start importing Assets/Prefabs/LaserObject.prefab using Guid(d41ef86b87de7894d954198cce043bc9) Importer(815301076,1909f56bfc062723c751e8b465ee728b)  -> (artifact id: '36c9a6e69ecf20f6928a3ebdc519df24') in 0.005742 seconds 
  Import took 0.007912 seconds .

========================================================================
Received Import Request.
  Time since last request: 1.043932 seconds.
  path: Assets/Prefabs/LaserObject.prefab
  artifactKey: Guid(d41ef86b87de7894d954198cce043bc9) Importer(815301076,1909f56bfc062723c751e8b465ee728b)
Start importing Assets/Prefabs/LaserObject.prefab using Guid(d41ef86b87de7894d954198cce043bc9) Importer(815301076,1909f56bfc062723c751e8b465ee728b)  -> (artifact id: 'c4694b672dab89602768b5d289d5202b') in 0.005807 seconds 
  Import took 0.016904 seconds .

========================================================================
Received Import Request.
  Time since last request: 1.841110 seconds.
  path: Assets/Prefabs/LaserObject.prefab
  artifactKey: Guid(d41ef86b87de7894d954198cce043bc9) Importer(815301076,1909f56bfc062723c751e8b465ee728b)
Start importing Assets/Prefabs/LaserObject.prefab using Guid(d41ef86b87de7894d954198cce043bc9) Importer(815301076,1909f56bfc062723c751e8b465ee728b)  -> (artifact id: '7308bb6b77a502af1e55642b38f988bf') in 0.005708 seconds 
  Import took 0.008052 seconds .

========================================================================
Received Import Request.
  Time since last request: 6.028922 seconds.
  path: Assets/Prefabs/LaserObject.prefab
  artifactKey: Guid(d41ef86b87de7894d954198cce043bc9) Importer(815301076,1909f56bfc062723c751e8b465ee728b)
Start importing Assets/Prefabs/LaserObject.prefab using Guid(d41ef86b87de7894d954198cce043bc9) Importer(815301076,1909f56bfc062723c751e8b465ee728b)  -> (artifact id: '6e0bafef99ed2fb791a733efe388b590') in 0.006000 seconds 
  Import took 0.008217 seconds .

========================================================================
Received Import Request.
  Time since last request: 6.836609 seconds.
  path: Assets/Prefabs/LaserObject.prefab
  artifactKey: Guid(d41ef86b87de7894d954198cce043bc9) Importer(815301076,1909f56bfc062723c751e8b465ee728b)
Start importing Assets/Prefabs/LaserObject.prefab using Guid(d41ef86b87de7894d954198cce043bc9) Importer(815301076,1909f56bfc062723c751e8b465ee728b)  -> (artifact id: '332ba8ea4289f185a053ab48d5bcb9e2') in 0.007508 seconds 
  Import took 0.009675 seconds .

========================================================================
Received Import Request.
  Time since last request: 27.342444 seconds.
  path: Assets/Prefabs/LaserObject.prefab
  artifactKey: Guid(d41ef86b87de7894d954198cce043bc9) Importer(815301076,1909f56bfc062723c751e8b465ee728b)
Start importing Assets/Prefabs/LaserObject.prefab using Guid(d41ef86b87de7894d954198cce043bc9) Importer(815301076,1909f56bfc062723c751e8b465ee728b)  -> (artifact id: '5e96d6cbae9127d290368258fa11e30a') in 0.008795 seconds 
  Import took 0.022840 seconds .

========================================================================
Received Import Request.
  Time since last request: 9.751313 seconds.
  path: Assets/Prefabs/LaserObject.prefab
  artifactKey: Guid(d41ef86b87de7894d954198cce043bc9) Importer(815301076,1909f56bfc062723c751e8b465ee728b)
Start importing Assets/Prefabs/LaserObject.prefab using Guid(d41ef86b87de7894d954198cce043bc9) Importer(815301076,1909f56bfc062723c751e8b465ee728b)  -> (artifact id: '54366afea5b0c5026c39f3cadabfbb84') in 0.008690 seconds 
  Import took 0.010880 seconds .

========================================================================
Received Import Request.
  Time since last request: 0.003343 seconds.
  path: Assets/Prefabs/LaserObject.prefab
  artifactKey: Guid(d41ef86b87de7894d954198cce043bc9) Importer(815301076,1909f56bfc062723c751e8b465ee728b)
Start importing Assets/Prefabs/LaserObject.prefab using Guid(d41ef86b87de7894d954198cce043bc9) Importer(815301076,1909f56bfc062723c751e8b465ee728b)  -> (artifact id: '54366afea5b0c5026c39f3cadabfbb84') in 0.005635 seconds 
  Import took 0.007414 seconds .

========================================================================
Received Prepare
Registering precompiled user dll's ...
Registered in 0.002766 seconds.
Begin MonoManager ReloadAssembly
Native extension for WindowsStandalone target not found
Refreshing native plugins compatible for Editor in 0.31 ms, found 2 plugins.
Preloading 0 native plugins for Editor in 0.00 ms.
Mono: successfully reloaded assembly
- Completed reload, in  0.793 seconds
Platform modules already initialized, skipping
Refreshing native plugins compatible for Editor in 0.30 ms, found 2 plugins.
Preloading 0 native plugins for Editor in 0.00 ms.
Unloading 1385 Unused Serialized files (Serialized files now loaded: 0)
System memory in use before: 68.5 MB.
System memory in use after: 68.6 MB.

Unloading 14 unused Assets to reduce memory usage. Loaded Objects now: 1942.
Total: 1.592400 ms (FindLiveObjects: 0.163100 ms CreateObjectMapping: 0.027900 ms MarkObjects: 1.358000 ms  DeleteObjects: 0.042600 ms)

AssetImportParameters requested are different than current active one (requested -> active):
  custom:framework-win-MediaFoundation: 216162199b28c13a410421893ffa2e32 -> 
  custom:video-decoder-ogg-theora: a1e56fd34408186e4bbccfd4996cb3dc -> 
  custom:container-muxer-webm: aa71ff27fc2769a1b78a27578f13a17b -> 
  custom:container-demuxer-webm: 4f35f7cbe854078d1ac9338744f61a02 -> 
  custom:container-demuxer-ogg: 62fdf1f143b41e24485cea50d1cbac27 -> 
  custom:video-encoder-webm-vp8: eb34c28f22e8b96e1ab97ce403110664 -> 
  custom:video-decoder-webm-vp8: 9c59270c3fd7afecdb556c50c9e8de78 -> 
  custom:audio-decoder-ogg-vorbis: bf7c407c2cedff20999df2af8eb42d56 -> 
  custom:audio-encoder-webm-vorbis: bf7c407c2cedff20999df2af8eb42d56 -> 
========================================================================
Received Import Request.
  Time since last request: 46.943459 seconds.
  path: Assets/Prefabs/LaserObject.prefab
  artifactKey: Guid(d41ef86b87de7894d954198cce043bc9) Importer(815301076,1909f56bfc062723c751e8b465ee728b)
Start importing Assets/Prefabs/LaserObject.prefab using Guid(d41ef86b87de7894d954198cce043bc9) Importer(815301076,1909f56bfc062723c751e8b465ee728b)  -> (artifact id: 'cf1d47fecf8537690c2ec420afba5036') in 0.041371 seconds 
  Import took 0.043517 seconds .

========================================================================
Received Import Request.
  Time since last request: 9.932825 seconds.
  path: Assets/Prefabs/LaserObject.prefab
  artifactKey: Guid(d41ef86b87de7894d954198cce043bc9) Importer(815301076,1909f56bfc062723c751e8b465ee728b)
Start importing Assets/Prefabs/LaserObject.prefab using Guid(d41ef86b87de7894d954198cce043bc9) Importer(815301076,1909f56bfc062723c751e8b465ee728b)  -> (artifact id: 'a3a90f8b9f1a0d302082b324562f621c') in 0.005824 seconds 
  Import took 0.007959 seconds .

========================================================================
Received Import Request.
  Time since last request: 0.006080 seconds.
  path: Assets/Prefabs/LaserObject.prefab
  artifactKey: Guid(d41ef86b87de7894d954198cce043bc9) Importer(815301076,1909f56bfc062723c751e8b465ee728b)
Start importing Assets/Prefabs/LaserObject.prefab using Guid(d41ef86b87de7894d954198cce043bc9) Importer(815301076,1909f56bfc062723c751e8b465ee728b)  -> (artifact id: 'a3a90f8b9f1a0d302082b324562f621c') in 0.005648 seconds 
  Import took 0.007570 seconds .

========================================================================
Received Prepare
Registering precompiled user dll's ...
Registered in 0.002769 seconds.
Begin MonoManager ReloadAssembly
Native extension for WindowsStandalone target not found
Refreshing native plugins compatible for Editor in 0.30 ms, found 2 plugins.
Preloading 0 native plugins for Editor in 0.00 ms.
Mono: successfully reloaded assembly
- Completed reload, in  0.747 seconds
Platform modules already initialized, skipping
Refreshing native plugins compatible for Editor in 0.29 ms, found 2 plugins.
Preloading 0 native plugins for Editor in 0.00 ms.
Unloading 1385 Unused Serialized files (Serialized files now loaded: 0)
System memory in use before: 68.5 MB.
System memory in use after: 68.6 MB.

Unloading 14 unused Assets to reduce memory usage. Loaded Objects now: 1946.
Total: 1.603500 ms (FindLiveObjects: 0.149000 ms CreateObjectMapping: 0.029000 ms MarkObjects: 1.377300 ms  DeleteObjects: 0.047200 ms)

AssetImportParameters requested are different than current active one (requested -> active):
  custom:framework-win-MediaFoundation: 216162199b28c13a410421893ffa2e32 -> 
  custom:video-decoder-ogg-theora: a1e56fd34408186e4bbccfd4996cb3dc -> 
  custom:container-muxer-webm: aa71ff27fc2769a1b78a27578f13a17b -> 
  custom:container-demuxer-webm: 4f35f7cbe854078d1ac9338744f61a02 -> 
  custom:container-demuxer-ogg: 62fdf1f143b41e24485cea50d1cbac27 -> 
  custom:video-encoder-webm-vp8: eb34c28f22e8b96e1ab97ce403110664 -> 
  custom:video-decoder-webm-vp8: 9c59270c3fd7afecdb556c50c9e8de78 -> 
  custom:audio-decoder-ogg-vorbis: bf7c407c2cedff20999df2af8eb42d56 -> 
  custom:audio-encoder-webm-vorbis: bf7c407c2cedff20999df2af8eb42d56 -> 
========================================================================
Received Import Request.
  Time since last request: 12.830898 seconds.
  path: Assets/Prefabs/LaserObject.prefab
  artifactKey: Guid(d41ef86b87de7894d954198cce043bc9) Importer(815301076,1909f56bfc062723c751e8b465ee728b)
Start importing Assets/Prefabs/LaserObject.prefab using Guid(d41ef86b87de7894d954198cce043bc9) Importer(815301076,1909f56bfc062723c751e8b465ee728b)  -> (artifact id: '78c472df911223b5eac0f1f155815f43') in 0.040472 seconds 
  Import took 0.042646 seconds .

========================================================================
Received Import Request.
  Time since last request: 17.708456 seconds.
  path: Assets/Scripts/LaserMovement.cs
  artifactKey: Guid(90c523d532923b643bb3fb889b662c56) Importer(815301076,1909f56bfc062723c751e8b465ee728b)
Start importing Assets/Scripts/LaserMovement.cs using Guid(90c523d532923b643bb3fb889b662c56) Importer(815301076,1909f56bfc062723c751e8b465ee728b)  -> (artifact id: '2593b99e1fbcfa266d847e9a1cc57746') in 0.001767 seconds 
  Import took 0.003917 seconds .

========================================================================
Received Import Request.
  Time since last request: 0.000365 seconds.
  path: Assets/Scripts/LaserMovement.cs
  artifactKey: Guid(90c523d532923b643bb3fb889b662c56) Importer(815301076,1909f56bfc062723c751e8b465ee728b)
Start importing Assets/Scripts/LaserMovement.cs using Guid(90c523d532923b643bb3fb889b662c56) Importer(815301076,1909f56bfc062723c751e8b465ee728b)  -> (artifact id: '2593b99e1fbcfa266d847e9a1cc57746') in 0.001509 seconds 
  Import took 0.002934 seconds .

========================================================================
Received Import Request.
  Time since last request: 0.761858 seconds.
  path: Assets/Scripts/Player1Movement.cs
  artifactKey: Guid(eb8fd8dd17e28c142bd17491e39a6b0c) Importer(815301076,1909f56bfc062723c751e8b465ee728b)
Start importing Assets/Scripts/Player1Movement.cs using Guid(eb8fd8dd17e28c142bd17491e39a6b0c) Importer(815301076,1909f56bfc062723c751e8b465ee728b)  -> (artifact id: 'af157259b510968577891b1588e92403') in 0.001702 seconds 
  Import took 0.003851 seconds .

========================================================================
Received Import Request.
  Time since last request: 2.694735 seconds.
  path: Assets/Scripts/ShotingLaser1.cs
  artifactKey: Guid(7b9761fab8c30d94388a3942ac80d838) Importer(815301076,1909f56bfc062723c751e8b465ee728b)
Start importing Assets/Scripts/ShotingLaser1.cs using Guid(7b9761fab8c30d94388a3942ac80d838) Importer(815301076,1909f56bfc062723c751e8b465ee728b)  -> (artifact id: 'c953c26e18a57b7acd4854bd45cb9bc1') in 0.004279 seconds 
  Import took 0.006214 seconds .

========================================================================
Received Import Request.
  Time since last request: 7.455461 seconds.
  path: Assets/Scripts/ShotingLaser2.cs
  artifactKey: Guid(7b9761fab8c30d94388a3942ac80d838) Importer(815301076,1909f56bfc062723c751e8b465ee728b)
Start importing Assets/Scripts/ShotingLaser2.cs using Guid(7b9761fab8c30d94388a3942ac80d838) Importer(815301076,1909f56bfc062723c751e8b465ee728b)  -> (artifact id: 'b403187ccd2d16dd9a4977e2abc3e1a4') in 0.004403 seconds 
  Import took 0.006334 seconds .

========================================================================
Received Prepare
Registering precompiled user dll's ...
Registered in 0.002930 seconds.
Begin MonoManager ReloadAssembly
Native extension for WindowsStandalone target not found
Refreshing native plugins compatible for Editor in 0.30 ms, found 2 plugins.
Preloading 0 native plugins for Editor in 0.00 ms.
Mono: successfully reloaded assembly
- Completed reload, in  0.710 seconds
Platform modules already initialized, skipping
Refreshing native plugins compatible for Editor in 0.30 ms, found 2 plugins.
Preloading 0 native plugins for Editor in 0.00 ms.
Unloading 1386 Unused Serialized files (Serialized files now loaded: 0)
System memory in use before: 68.5 MB.
System memory in use after: 68.6 MB.

Unloading 14 unused Assets to reduce memory usage. Loaded Objects now: 1951.
Total: 1.703900 ms (FindLiveObjects: 0.179700 ms CreateObjectMapping: 0.034400 ms MarkObjects: 1.439500 ms  DeleteObjects: 0.049300 ms)

AssetImportParameters requested are different than current active one (requested -> active):
  custom:framework-win-MediaFoundation: 216162199b28c13a410421893ffa2e32 -> 
  custom:video-decoder-ogg-theora: a1e56fd34408186e4bbccfd4996cb3dc -> 
  custom:container-muxer-webm: aa71ff27fc2769a1b78a27578f13a17b -> 
  custom:container-demuxer-webm: 4f35f7cbe854078d1ac9338744f61a02 -> 
  custom:container-demuxer-ogg: 62fdf1f143b41e24485cea50d1cbac27 -> 
  custom:video-encoder-webm-vp8: eb34c28f22e8b96e1ab97ce403110664 -> 
  custom:video-decoder-webm-vp8: 9c59270c3fd7afecdb556c50c9e8de78 -> 
  custom:audio-decoder-ogg-vorbis: bf7c407c2cedff20999df2af8eb42d56 -> 
  custom:audio-encoder-webm-vorbis: bf7c407c2cedff20999df2af8eb42d56 -> 
========================================================================
Received Import Request.
  Time since last request: 30.968310 seconds.
  path: Assets/Scripts/ShotingLaser2.cs
  artifactKey: Guid(7b9761fab8c30d94388a3942ac80d838) Importer(815301076,1909f56bfc062723c751e8b465ee728b)
Start importing Assets/Scripts/ShotingLaser2.cs using Guid(7b9761fab8c30d94388a3942ac80d838) Importer(815301076,1909f56bfc062723c751e8b465ee728b)  -> (artifact id: '70db6c1608f3b24dc0fafc789e0a9693') in 0.003845 seconds 
  Import took 0.005699 seconds .

========================================================================
Received Prepare
Registering precompiled user dll's ...
Registered in 0.002829 seconds.
Begin MonoManager ReloadAssembly
Native extension for WindowsStandalone target not found
Refreshing native plugins compatible for Editor in 0.29 ms, found 2 plugins.
Preloading 0 native plugins for Editor in 0.00 ms.
Mono: successfully reloaded assembly
- Completed reload, in  0.714 seconds
Platform modules already initialized, skipping
Refreshing native plugins compatible for Editor in 0.30 ms, found 2 plugins.
Preloading 0 native plugins for Editor in 0.00 ms.
Unloading 1386 Unused Serialized files (Serialized files now loaded: 0)
System memory in use before: 68.5 MB.
System memory in use after: 68.6 MB.

Unloading 14 unused Assets to reduce memory usage. Loaded Objects now: 1954.
Total: 1.610100 ms (FindLiveObjects: 0.152100 ms CreateObjectMapping: 0.028100 ms MarkObjects: 1.381900 ms  DeleteObjects: 0.047400 ms)

AssetImportParameters requested are different than current active one (requested -> active):
  custom:framework-win-MediaFoundation: 216162199b28c13a410421893ffa2e32 -> 
  custom:video-decoder-ogg-theora: a1e56fd34408186e4bbccfd4996cb3dc -> 
  custom:container-muxer-webm: aa71ff27fc2769a1b78a27578f13a17b -> 
  custom:container-demuxer-webm: 4f35f7cbe854078d1ac9338744f61a02 -> 
  custom:container-demuxer-ogg: 62fdf1f143b41e24485cea50d1cbac27 -> 
  custom:video-encoder-webm-vp8: eb34c28f22e8b96e1ab97ce403110664 -> 
  custom:video-decoder-webm-vp8: 9c59270c3fd7afecdb556c50c9e8de78 -> 
  custom:audio-decoder-ogg-vorbis: bf7c407c2cedff20999df2af8eb42d56 -> 
  custom:audio-encoder-webm-vorbis: bf7c407c2cedff20999df2af8eb42d56 -> 
AssetImportWorkerClient::OnTransportError - code=2 error=End of file
