Using pre-set license
Built from '2021.3/staging' branch; Version is '2021.3.2f1 (d6360bedb9a0) revision 14038539'; Using compiler version '192829333'; Build Type 'Release'
OS: 'Windows 10  (10.0.19044) 64bit Professional' Language: 'es' Physical Memory: 32694 MB
BatchMode: 1, IsHumanControllingUs: 0, StartBugReporterOnCrash: 0, Is64bit: 1, IsPro: 1

COMMAND LINE ARGUMENTS:
C:\Program Files\Unity 2021.3.2f1\Editor\Unity.exe
-adb2
-batchMode
-noUpm
-name
AssetImportWorker2
-projectPath
D:/MultijugadorProyecto-DDVIII/ProyectoMultijugadorOnline
-logFile
Logs/AssetImportWorker2.log
-srvPort
58475
Successfully changed project path to: D:/MultijugadorProyecto-DDVIII/ProyectoMultijugadorOnline
D:/MultijugadorProyecto-DDVIII/ProyectoMultijugadorOnline
[UnityMemory] Configuration Parameters - Can be set up in boot.config
    "memorysetup-bucket-allocator-granularity=16"
    "memorysetup-bucket-allocator-bucket-count=8"
    "memorysetup-bucket-allocator-block-size=33554432"
    "memorysetup-bucket-allocator-block-count=8"
    "memorysetup-main-allocator-block-size=16777216"
    "memorysetup-thread-allocator-block-size=16777216"
    "memorysetup-gfx-main-allocator-block-size=16777216"
    "memorysetup-gfx-thread-allocator-block-size=16777216"
    "memorysetup-cache-allocator-block-size=4194304"
    "memorysetup-typetree-allocator-block-size=2097152"
    "memorysetup-profiler-bucket-allocator-granularity=16"
    "memorysetup-profiler-bucket-allocator-bucket-count=8"
    "memorysetup-profiler-bucket-allocator-block-size=33554432"
    "memorysetup-profiler-bucket-allocator-block-count=8"
    "memorysetup-profiler-allocator-block-size=16777216"
    "memorysetup-profiler-editor-allocator-block-size=1048576"
    "memorysetup-temp-allocator-size-main=16777216"
    "memorysetup-job-temp-allocator-block-size=2097152"
    "memorysetup-job-temp-allocator-block-size-background=1048576"
    "memorysetup-job-temp-allocator-reduction-small-platforms=262144"
    "memorysetup-temp-allocator-size-background-worker=32768"
    "memorysetup-temp-allocator-size-job-worker=262144"
    "memorysetup-temp-allocator-size-preload-manager=33554432"
    "memorysetup-temp-allocator-size-nav-mesh-worker=65536"
    "memorysetup-temp-allocator-size-audio-worker=65536"
    "memorysetup-temp-allocator-size-cloud-worker=32768"
    "memorysetup-temp-allocator-size-gi-baking-worker=262144"
    "memorysetup-temp-allocator-size-gfx=262144"
Refreshing native plugins compatible for Editor in 32.30 ms, found 2 plugins.
Preloading 0 native plugins for Editor in 0.00 ms.
Initialize engine version: 2021.3.2f1 (d6360bedb9a0)
[Subsystems] Discovering subsystems at path C:/Program Files/Unity 2021.3.2f1/Editor/Data/Resources/UnitySubsystems
[Subsystems] Discovering subsystems at path D:/MultijugadorProyecto-DDVIII/ProyectoMultijugadorOnline/Assets
GfxDevice: creating device client; threaded=0; jobified=0
Direct3D:
    Version:  Direct3D 11.0 [level 11.1]
    Renderer: AMD Radeon RX 5700 XT (ID=0x731f)
    Vendor:   ATI
    VRAM:     8151 MB
    Driver:   30.0.13023.4001
Initialize mono
Mono path[0] = 'C:/Program Files/Unity 2021.3.2f1/Editor/Data/Managed'
Mono path[1] = 'C:/Program Files/Unity 2021.3.2f1/Editor/Data/MonoBleedingEdge/lib/mono/unityjit-win32'
Mono config path = 'C:/Program Files/Unity 2021.3.2f1/Editor/Data/MonoBleedingEdge/etc'
Using monoOptions --debugger-agent=transport=dt_socket,embedding=1,server=y,suspend=n,address=127.0.0.1:56032
Begin MonoManager ReloadAssembly
Registering precompiled unity dll's ...
Register platform support module: C:/Program Files/Unity 2021.3.2f1/Editor/Data/PlaybackEngines/WindowsStandaloneSupport/UnityEditor.WindowsStandalone.Extensions.dll
Registered in 0.005535 seconds.
Native extension for WindowsStandalone target not found
Refreshing native plugins compatible for Editor in 28.98 ms, found 2 plugins.
Preloading 0 native plugins for Editor in 0.00 ms.
Mono: successfully reloaded assembly
- Completed reload, in  0.666 seconds
Domain Reload Profiling:
	ReloadAssembly (667ms)
		BeginReloadAssembly (66ms)
			ExecutionOrderSort (0ms)
			DisableScriptedObjects (0ms)
			BackupInstance (0ms)
			ReleaseScriptingObjects (0ms)
			CreateAndSetChildDomain (1ms)
		EndReloadAssembly (429ms)
			LoadAssemblies (64ms)
			RebuildTransferFunctionScriptingTraits (0ms)
			SetupTypeCache (182ms)
			ReleaseScriptCaches (0ms)
			RebuildScriptCaches (22ms)
			SetupLoadedEditorAssemblies (182ms)
				LogAssemblyErrors (0ms)
				InitializePlatformSupportModulesInManaged (7ms)
				SetLoadedEditorAssemblies (0ms)
				RefreshPlugins (29ms)
				BeforeProcessingInitializeOnLoad (1ms)
				ProcessInitializeOnLoadAttributes (102ms)
				ProcessInitializeOnLoadMethodAttributes (43ms)
				AfterProcessingInitializeOnLoad (0ms)
				EditorAssembliesLoaded (0ms)
			ExecutionOrderSort2 (0ms)
			AwakeInstancesAfterBackupRestoration (0ms)
Platform modules already initialized, skipping
Registering precompiled user dll's ...
Registered in 0.005425 seconds.
Begin MonoManager ReloadAssembly
Native extension for WindowsStandalone target not found
Refreshing native plugins compatible for Editor in 0.34 ms, found 2 plugins.
Preloading 0 native plugins for Editor in 0.00 ms.
Mono: successfully reloaded assembly
- Completed reload, in  0.801 seconds
Domain Reload Profiling:
	ReloadAssembly (802ms)
		BeginReloadAssembly (97ms)
			ExecutionOrderSort (0ms)
			DisableScriptedObjects (5ms)
			BackupInstance (0ms)
			ReleaseScriptingObjects (0ms)
			CreateAndSetChildDomain (16ms)
		EndReloadAssembly (605ms)
			LoadAssemblies (70ms)
			RebuildTransferFunctionScriptingTraits (0ms)
			SetupTypeCache (153ms)
			ReleaseScriptCaches (0ms)
			RebuildScriptCaches (37ms)
			SetupLoadedEditorAssemblies (314ms)
				LogAssemblyErrors (0ms)
				InitializePlatformSupportModulesInManaged (4ms)
				SetLoadedEditorAssemblies (0ms)
				RefreshPlugins (0ms)
				BeforeProcessingInitializeOnLoad (53ms)
				ProcessInitializeOnLoadAttributes (213ms)
				ProcessInitializeOnLoadMethodAttributes (33ms)
				AfterProcessingInitializeOnLoad (10ms)
				EditorAssembliesLoaded (0ms)
			ExecutionOrderSort2 (0ms)
			AwakeInstancesAfterBackupRestoration (6ms)
Platform modules already initialized, skipping
========================================================================
Worker process is ready to serve import requests
Launched and connected shader compiler UnityShaderCompiler.exe after 0.08 seconds
Refreshing native plugins compatible for Editor in 0.36 ms, found 2 plugins.
Preloading 0 native plugins for Editor in 0.00 ms.
Unloading 2063 Unused Serialized files (Serialized files now loaded: 0)
Unloading 24 unused Assets / (56.1 KB). Loaded Objects now: 2523.
Memory consumption went from 85.4 MB to 85.4 MB.
Total: 2.833700 ms (FindLiveObjects: 0.176700 ms CreateObjectMapping: 0.044100 ms MarkObjects: 2.544000 ms  DeleteObjects: 0.067700 ms)

AssetImportParameters requested are different than current active one (requested -> active):
  custom:video-decoder-ogg-theora: a1e56fd34408186e4bbccfd4996cb3dc -> 
  custom:container-muxer-webm: aa71ff27fc2769a1b78a27578f13a17b -> 
  custom:container-demuxer-webm: 4f35f7cbe854078d1ac9338744f61a02 -> 
  custom:video-encoder-webm-vp8: eb34c28f22e8b96e1ab97ce403110664 -> 
  custom:audio-encoder-webm-vorbis: bf7c407c2cedff20999df2af8eb42d56 -> 
  custom:framework-win-MediaFoundation: 216162199b28c13a410421893ffa2e32 -> 
  custom:container-demuxer-ogg: 62fdf1f143b41e24485cea50d1cbac27 -> 
  custom:video-decoder-webm-vp8: 9c59270c3fd7afecdb556c50c9e8de78 -> 
  custom:audio-decoder-ogg-vorbis: bf7c407c2cedff20999df2af8eb42d56 -> 
========================================================================
Received Import Request.
  Time since last request: 6917.112796 seconds.
  path: Assets/Sprite/Skins
  artifactKey: Guid(82119888439e1524f84673581879c45c) Importer(815301076,1909f56bfc062723c751e8b465ee728b)
Start importing Assets/Sprite/Skins using Guid(82119888439e1524f84673581879c45c) Importer(815301076,1909f56bfc062723c751e8b465ee728b)  -> (artifact id: 'db53605c5aaef7171b732ff90e7899b2') in 0.007419 seconds 
========================================================================
Received Import Request.
  Time since last request: 9.674236 seconds.
  path: Assets/Sprite/Skins/Captura de pantalla 2022-06-11 225721.jpg
  artifactKey: Guid(127a7ddc7dc722d4789e6fef08a86f52) Importer(815301076,1909f56bfc062723c751e8b465ee728b)
Start importing Assets/Sprite/Skins/Captura de pantalla 2022-06-11 225721.jpg using Guid(127a7ddc7dc722d4789e6fef08a86f52) Importer(815301076,1909f56bfc062723c751e8b465ee728b)  -> (artifact id: '49b44767f246c284df2acc42a1d652f3') in 0.059767 seconds 
========================================================================
Received Import Request.
  Time since last request: 2.213397 seconds.
  path: Assets/Sprite/Skins/Captura de pantalla 2022-06-11 225908.jpg
  artifactKey: Guid(e2b75d337124e504fb49503ffdff3345) Importer(815301076,1909f56bfc062723c751e8b465ee728b)
Start importing Assets/Sprite/Skins/Captura de pantalla 2022-06-11 225908.jpg using Guid(e2b75d337124e504fb49503ffdff3345) Importer(815301076,1909f56bfc062723c751e8b465ee728b)  -> (artifact id: '3bee2aac0db4006917edee54b98e644f') in 0.015718 seconds 
========================================================================
Received Import Request.
  Time since last request: 2.416541 seconds.
  path: Assets/Sprite/Skins/Captura de pantalla 2022-06-11 225955.jpg
  artifactKey: Guid(b643c15cea701b7489d32db71611ba70) Importer(815301076,1909f56bfc062723c751e8b465ee728b)
Start importing Assets/Sprite/Skins/Captura de pantalla 2022-06-11 225955.jpg using Guid(b643c15cea701b7489d32db71611ba70) Importer(815301076,1909f56bfc062723c751e8b465ee728b)  -> (artifact id: '7368c6f7dfe37d7311098816d19a28db') in 0.010099 seconds 
========================================================================
Received Import Request.
  Time since last request: 17.281424 seconds.
  path: Assets/Materiales/360_F_264279006_WDXxV3OHjAOoHqH7iiLDrg23p0947g7U.jpg
  artifactKey: Guid(de50329baa8fe1f4ba3610b798f5e7d6) Importer(815301076,1909f56bfc062723c751e8b465ee728b)
Start importing Assets/Materiales/360_F_264279006_WDXxV3OHjAOoHqH7iiLDrg23p0947g7U.jpg using Guid(de50329baa8fe1f4ba3610b798f5e7d6) Importer(815301076,1909f56bfc062723c751e8b465ee728b)  -> (artifact id: 'e71bfff9270fba7278679cde664f51e3') in 0.140650 seconds 
========================================================================
Received Import Request.
  Time since last request: 1.662142 seconds.
  path: Assets/Mirror/Examples/Pong/Sprites/Racket.png
  artifactKey: Guid(619ccff3ba2f2a04f9ddd19c264a1ecd) Importer(815301076,1909f56bfc062723c751e8b465ee728b)
Start importing Assets/Mirror/Examples/Pong/Sprites/Racket.png using Guid(619ccff3ba2f2a04f9ddd19c264a1ecd) Importer(815301076,1909f56bfc062723c751e8b465ee728b)  -> (artifact id: 'fcfedc343a99d0f717bb26d93077fd4e') in 0.032341 seconds 
========================================================================
Received Import Request.
  Time since last request: 7.231553 seconds.
  path: Assets/Sprite/Skins/Captura de pantalla 2022-06-11 225721.jpg
  artifactKey: Guid(127a7ddc7dc722d4789e6fef08a86f52) Importer(815301076,1909f56bfc062723c751e8b465ee728b)
Start importing Assets/Sprite/Skins/Captura de pantalla 2022-06-11 225721.jpg using Guid(127a7ddc7dc722d4789e6fef08a86f52) Importer(815301076,1909f56bfc062723c751e8b465ee728b)  -> (artifact id: '825c87acdc624695d86338e56fd9b77a') in 0.052627 seconds 
Editor requested this worker to shutdown with reason: Scaling down because of idle timeout
AssetImportWorker is now disconnected from the server
Process exiting
Exiting without the bug reporter. Application will terminate with return code 0